[0m[[0m[0mdebug[0m] [0m[0m> Exec(test, Some(30237227-640b-43d1-a4e9-f7ef91a2e901), Some(CommandSource(console0)))[0m
[0m[[0m[0mdebug[0m] [0m[0mEvaluating tasks: Test / test[0m
[0m[[0m[0mdebug[0m] [0m[0mRunning task... Cancel: Signal, check cycles: false, forcegc: true[0m
[0m[[0m[0minfo[0m] [0m[0mcompiling 18 Scala sources to /home/solene/epfl/clp/moocs/gitlab-deploy/lab-empty-handouts/clplab4/target/scala-3.1.3/classes ...[0m
[0m[[0m[0minfo[0m] [0m[0mcompiling 7 Scala sources to /home/solene/epfl/clp/moocs/gitlab-deploy/lab-empty-handouts/clplab4/target/scala-3.1.3/test-classes ...[0m
[0m[[0m[0minfo[0m] [0m[0m[34mTest run started[0m[0m
[0m[[0m[0minfo[0m] [0m[0mTest amyc.[33mTyperTests[0m.[36mtestSeqError1[0m started[0m
[0m[[0m[31merror[0m] [0m[0mTest amyc.[33mTyperTests[0m.[31mtestSeqError1[0m failed: scala.[31mNotImplementedError[0m: an implementation is missing, took 0.003 sec[0m
[0m[[0m[31merror[0m] [0m[0m    at scala.Predef$.$qmark$qmark$qmark(Predef.scala:344)[0m
[0m[[0m[31merror[0m] [0m[0m    at amyc.parsing.Parser$.literal(Parser.scala:103)[0m
[0m[[0m[31merror[0m] [0m[0m    at amyc.parsing.Parser$.<clinit>(Parser.scala:76)[0m
[0m[[0m[31merror[0m] [0m[0m    at amyc.TyperTests.<init>([35mTyperTests.scala[0m:[33m18[0m)[0m
[0m[[0m[31merror[0m] [0m[0m    at jdk.internal.reflect.NativeConstructorAccessorImpl.newInstance0(Native Method)[0m
[0m[[0m[31merror[0m] [0m[0m    at jdk.internal.reflect.NativeConstructorAccessorImpl.newInstance(NativeConstructorAccessorImpl.java:62)[0m
[0m[[0m[31merror[0m] [0m[0m    at jdk.internal.reflect.DelegatingConstructorAccessorImpl.newInstance(DelegatingConstructorAccessorImpl.java:45)[0m
[0m[[0m[31merror[0m] [0m[0m    at java.lang.reflect.Constructor.newInstance(Constructor.java:490)[0m
[0m[[0m[31merror[0m] [0m[0m    ...[0m
[0m[[0m[0minfo[0m] [0m[0mTest amyc.[33mTyperTests[0m.[36mtestSeqError2[0m started[0m
[0m[[0m[31merror[0m] [0m[0mTest amyc.[33mTyperTests[0m.[31mtestSeqError2[0m failed: java.lang.[31mNoClassDefFoundError[0m: Could not initialize class amyc.parsing.Parser$, took 0.0 sec[0m
[0m[[0m[31merror[0m] [0m[0m    at amyc.TyperTests.<init>([35mTyperTests.scala[0m:[33m18[0m)[0m
[0m[[0m[31merror[0m] [0m[0m    at jdk.internal.reflect.NativeConstructorAccessorImpl.newInstance0(Native Method)[0m
[0m[[0m[31merror[0m] [0m[0m    at jdk.internal.reflect.NativeConstructorAccessorImpl.newInstance(NativeConstructorAccessorImpl.java:62)[0m
[0m[[0m[31merror[0m] [0m[0m    at jdk.internal.reflect.DelegatingConstructorAccessorImpl.newInstance(DelegatingConstructorAccessorImpl.java:45)[0m
[0m[[0m[31merror[0m] [0m[0m    at java.lang.reflect.Constructor.newInstance(Constructor.java:490)[0m
[0m[[0m[31merror[0m] [0m[0m    ...[0m
[0m[[0m[0minfo[0m] [0m[0mTest amyc.[33mTyperTests[0m.[36mtestSeqError3[0m started[0m
[0m[[0m[31merror[0m] [0m[0mTest amyc.[33mTyperTests[0m.[31mtestSeqError3[0m failed: java.lang.[31mNoClassDefFoundError[0m: Could not initialize class amyc.parsing.Parser$, took 0.0 sec[0m
[0m[[0m[31merror[0m] [0m[0m    at amyc.TyperTests.<init>([35mTyperTests.scala[0m:[33m18[0m)[0m
[0m[[0m[31merror[0m] [0m[0m    at jdk.internal.reflect.NativeConstructorAccessorImpl.newInstance0(Native Method)[0m
[0m[[0m[31merror[0m] [0m[0m    at jdk.internal.reflect.NativeConstructorAccessorImpl.newInstance(NativeConstructorAccessorImpl.java:62)[0m
[0m[[0m[31merror[0m] [0m[0m    at jdk.internal.reflect.DelegatingConstructorAccessorImpl.newInstance(DelegatingConstructorAccessorImpl.java:45)[0m
[0m[[0m[31merror[0m] [0m[0m    at java.lang.reflect.Constructor.newInstance(Constructor.java:490)[0m
[0m[[0m[31merror[0m] [0m[0m    ...[0m
[0m[[0m[0minfo[0m] [0m[0mTest amyc.[33mTyperTests[0m.[36mtestLetWithError[0m started[0m
[0m[[0m[31merror[0m] [0m[0mTest amyc.[33mTyperTests[0m.[31mtestLetWithError[0m failed: java.lang.[31mNoClassDefFoundError[0m: Could not initialize class amyc.parsing.Parser$, took 0.0 sec[0m
[0m[[0m[31merror[0m] [0m[0m    at amyc.TyperTests.<init>([35mTyperTests.scala[0m:[33m18[0m)[0m
[0m[[0m[31merror[0m] [0m[0m    at jdk.internal.reflect.NativeConstructorAccessorImpl.newInstance0(Native Method)[0m
[0m[[0m[31merror[0m] [0m[0m    at jdk.internal.reflect.NativeConstructorAccessorImpl.newInstance(NativeConstructorAccessorImpl.java:62)[0m
[0m[[0m[31merror[0m] [0m[0m    at jdk.internal.reflect.DelegatingConstructorAccessorImpl.newInstance(DelegatingConstructorAccessorImpl.java:45)[0m
[0m[[0m[31merror[0m] [0m[0m    at java.lang.reflect.Constructor.newInstance(Constructor.java:490)[0m
[0m[[0m[31merror[0m] [0m[0m    ...[0m
[0m[[0m[0minfo[0m] [0m[0mTest amyc.[33mTyperTests[0m.[36mtestComparison[0m started[0m
[0m[[0m[31merror[0m] [0m[0mTest amyc.[33mTyperTests[0m.[31mtestComparison[0m failed: java.lang.[31mNoClassDefFoundError[0m: Could not initialize class amyc.parsing.Parser$, took 0.0 sec[0m
[0m[[0m[31merror[0m] [0m[0m    at amyc.TyperTests.<init>([35mTyperTests.scala[0m:[33m18[0m)[0m
[0m[[0m[31merror[0m] [0m[0m    at jdk.internal.reflect.NativeConstructorAccessorImpl.newInstance0(Native Method)[0m
[0m[[0m[31merror[0m] [0m[0m    at jdk.internal.reflect.NativeConstructorAccessorImpl.newInstance(NativeConstructorAccessorImpl.java:62)[0m
[0m[[0m[31merror[0m] [0m[0m    at jdk.internal.reflect.DelegatingConstructorAccessorImpl.newInstance(DelegatingConstructorAccessorImpl.java:45)[0m
[0m[[0m[31merror[0m] [0m[0m    at java.lang.reflect.Constructor.newInstance(Constructor.java:490)[0m
[0m[[0m[31merror[0m] [0m[0m    ...[0m
[0m[[0m[0minfo[0m] [0m[0mTest amyc.[33mTyperTests[0m.[36mtestSeq[0m started[0m
[0m[[0m[31merror[0m] [0m[0mTest amyc.[33mTyperTests[0m.[31mtestSeq[0m failed: java.lang.[31mNoClassDefFoundError[0m: Could not initialize class amyc.parsing.Parser$, took 0.001 sec[0m
[0m[[0m[31merror[0m] [0m[0m    at amyc.TyperTests.<init>([35mTyperTests.scala[0m:[33m18[0m)[0m
[0m[[0m[31merror[0m] [0m[0m    at jdk.internal.reflect.NativeConstructorAccessorImpl.newInstance0(Native Method)[0m
[0m[[0m[31merror[0m] [0m[0m    at jdk.internal.reflect.NativeConstructorAccessorImpl.newInstance(NativeConstructorAccessorImpl.java:62)[0m
[0m[[0m[31merror[0m] [0m[0m    at jdk.internal.reflect.DelegatingConstructorAccessorImpl.newInstance(DelegatingConstructorAccessorImpl.java:45)[0m
[0m[[0m[31merror[0m] [0m[0m    at java.lang.reflect.Constructor.newInstance(Constructor.java:490)[0m
[0m[[0m[31merror[0m] [0m[0m    ...[0m
[0m[[0m[0minfo[0m] [0m[0mTest amyc.[33mTyperTests[0m.[36mtestIfAndErrorWrong[0m started[0m
[0m[[0m[31merror[0m] [0m[0mTest amyc.[33mTyperTests[0m.[31mtestIfAndErrorWrong[0m failed: java.lang.[31mNoClassDefFoundError[0m: Could not initialize class amyc.parsing.Parser$, took 0.0 sec[0m
[0m[[0m[31merror[0m] [0m[0m    at amyc.TyperTests.<init>([35mTyperTests.scala[0m:[33m18[0m)[0m
[0m[[0m[31merror[0m] [0m[0m    at jdk.internal.reflect.NativeConstructorAccessorImpl.newInstance0(Native Method)[0m
[0m[[0m[31merror[0m] [0m[0m    at jdk.internal.reflect.NativeConstructorAccessorImpl.newInstance(NativeConstructorAccessorImpl.java:62)[0m
[0m[[0m[31merror[0m] [0m[0m    at jdk.internal.reflect.DelegatingConstructorAccessorImpl.newInstance(DelegatingConstructorAccessorImpl.java:45)[0m
[0m[[0m[31merror[0m] [0m[0m    at java.lang.reflect.Constructor.newInstance(Constructor.java:490)[0m
[0m[[0m[31merror[0m] [0m[0m    ...[0m
[0m[[0m[0minfo[0m] [0m[0mTest amyc.[33mTyperTests[0m.[36mtestArithmetic[0m started[0m
[0m[[0m[31merror[0m] [0m[0mTest amyc.[33mTyperTests[0m.[31mtestArithmetic[0m failed: java.lang.[31mNoClassDefFoundError[0m: Could not initialize class amyc.parsing.Parser$, took 0.0 sec[0m
[0m[[0m[31merror[0m] [0m[0m    at amyc.TyperTests.<init>([35mTyperTests.scala[0m:[33m18[0m)[0m
[0m[[0m[31merror[0m] [0m[0m    at jdk.internal.reflect.NativeConstructorAccessorImpl.newInstance0(Native Method)[0m
[0m[[0m[31merror[0m] [0m[0m    at jdk.internal.reflect.NativeConstructorAccessorImpl.newInstance(NativeConstructorAccessorImpl.java:62)[0m
[0m[[0m[31merror[0m] [0m[0m    at jdk.internal.reflect.DelegatingConstructorAccessorImpl.newInstance(DelegatingConstructorAccessorImpl.java:45)[0m
[0m[[0m[31merror[0m] [0m[0m    at java.lang.reflect.Constructor.newInstance(Constructor.java:490)[0m
[0m[[0m[31merror[0m] [0m[0m    ...[0m
[0m[[0m[0minfo[0m] [0m[0mTest amyc.[33mTyperTests[0m.[36mtestError[0m started[0m
[0m[[0m[31merror[0m] [0m[0mTest amyc.[33mTyperTests[0m.[31mtestError[0m failed: java.lang.[31mNoClassDefFoundError[0m: Could not initialize class amyc.parsing.Parser$, took 0.0 sec[0m
[0m[[0m[31merror[0m] [0m[0m    at amyc.TyperTests.<init>([35mTyperTests.scala[0m:[33m18[0m)[0m
[0m[[0m[31merror[0m] [0m[0m    at jdk.internal.reflect.NativeConstructorAccessorImpl.newInstance0(Native Method)[0m
[0m[[0m[31merror[0m] [0m[0m    at jdk.internal.reflect.NativeConstructorAccessorImpl.newInstance(NativeConstructorAccessorImpl.java:62)[0m
[0m[[0m[31merror[0m] [0m[0m    at jdk.internal.reflect.DelegatingConstructorAccessorImpl.newInstance(DelegatingConstructorAccessorImpl.java:45)[0m
[0m[[0m[31merror[0m] [0m[0m    at java.lang.reflect.Constructor.newInstance(Constructor.java:490)[0m
[0m[[0m[31merror[0m] [0m[0m    ...[0m
[0m[[0m[0minfo[0m] [0m[0mTest amyc.[33mTyperTests[0m.[36mtestMisc[0m started[0m
[0m[[0m[31merror[0m] [0m[0mTest amyc.[33mTyperTests[0m.[31mtestMisc[0m failed: java.lang.[31mNoClassDefFoundError[0m: Could not initialize class amyc.parsing.Parser$, took 0.0 sec[0m
[0m[[0m[31merror[0m] [0m[0m    at amyc.TyperTests.<init>([35mTyperTests.scala[0m:[33m18[0m)[0m
[0m[[0m[31merror[0m] [0m[0m    at jdk.internal.reflect.NativeConstructorAccessorImpl.newInstance0(Native Method)[0m
[0m[[0m[31merror[0m] [0m[0m    at jdk.internal.reflect.NativeConstructorAccessorImpl.newInstance(NativeConstructorAccessorImpl.java:62)[0m
[0m[[0m[31merror[0m] [0m[0m    at jdk.internal.reflect.DelegatingConstructorAccessorImpl.newInstance(DelegatingConstructorAccessorImpl.java:45)[0m
[0m[[0m[31merror[0m] [0m[0m    at java.lang.reflect.Constructor.newInstance(Constructor.java:490)[0m
[0m[[0m[31merror[0m] [0m[0m    ...[0m
[0m[[0m[0minfo[0m] [0m[0mTest amyc.[33mTyperTests[0m.[36mtestConstructors[0m started[0m
[0m[[0m[31merror[0m] [0m[0mTest amyc.[33mTyperTests[0m.[31mtestConstructors[0m failed: java.lang.[31mNoClassDefFoundError[0m: Could not initialize class amyc.parsing.Parser$, took 0.0 sec[0m
[0m[[0m[31merror[0m] [0m[0m    at amyc.TyperTests.<init>([35mTyperTests.scala[0m:[33m18[0m)[0m
[0m[[0m[31merror[0m] [0m[0m    at jdk.internal.reflect.NativeConstructorAccessorImpl.newInstance0(Native Method)[0m
[0m[[0m[31merror[0m] [0m[0m    at jdk.internal.reflect.NativeConstructorAccessorImpl.newInstance(NativeConstructorAccessorImpl.java:62)[0m
[0m[[0m[31merror[0m] [0m[0m    at jdk.internal.reflect.DelegatingConstructorAccessorImpl.newInstance(DelegatingConstructorAccessorImpl.java:45)[0m
[0m[[0m[31merror[0m] [0m[0m    at java.lang.reflect.Constructor.newInstance(Constructor.java:490)[0m
[0m[[0m[31merror[0m] [0m[0m    ...[0m
[0m[[0m[0minfo[0m] [0m[0mTest amyc.[33mTyperTests[0m.[36mtestIf[0m started[0m
[0m[[0m[31merror[0m] [0m[0mTest amyc.[33mTyperTests[0m.[31mtestIf[0m failed: java.lang.[31mNoClassDefFoundError[0m: Could not initialize class amyc.parsing.Parser$, took 0.0 sec[0m
[0m[[0m[31merror[0m] [0m[0m    at amyc.TyperTests.<init>([35mTyperTests.scala[0m:[33m18[0m)[0m
[0m[[0m[31merror[0m] [0m[0m    at jdk.internal.reflect.NativeConstructorAccessorImpl.newInstance0(Native Method)[0m
[0m[[0m[31merror[0m] [0m[0m    at jdk.internal.reflect.NativeConstructorAccessorImpl.newInstance(NativeConstructorAccessorImpl.java:62)[0m
[0m[[0m[31merror[0m] [0m[0m    at jdk.internal.reflect.DelegatingConstructorAccessorImpl.newInstance(DelegatingConstructorAccessorImpl.java:45)[0m
[0m[[0m[31merror[0m] [0m[0m    at java.lang.reflect.Constructor.newInstance(Constructor.java:490)[0m
[0m[[0m[31merror[0m] [0m[0m    ...[0m
[0m[[0m[0minfo[0m] [0m[0mTest amyc.[33mTyperTests[0m.[36mtestConstructorError1[0m started[0m
[0m[[0m[31merror[0m] [0m[0mTest amyc.[33mTyperTests[0m.[31mtestConstructorError1[0m failed: java.lang.[31mNoClassDefFoundError[0m: Could not initialize class amyc.parsing.Parser$, took 0.0 sec[0m
[0m[[0m[31merror[0m] [0m[0m    at amyc.TyperTests.<init>([35mTyperTests.scala[0m:[33m18[0m)[0m
[0m[[0m[31merror[0m] [0m[0m    at jdk.internal.reflect.NativeConstructorAccessorImpl.newInstance0(Native Method)[0m
[0m[[0m[31merror[0m] [0m[0m    at jdk.internal.reflect.NativeConstructorAccessorImpl.newInstance(NativeConstructorAccessorImpl.java:62)[0m
[0m[[0m[31merror[0m] [0m[0m    at jdk.internal.reflect.DelegatingConstructorAccessorImpl.newInstance(DelegatingConstructorAccessorImpl.java:45)[0m
[0m[[0m[31merror[0m] [0m[0m    at java.lang.reflect.Constructor.newInstance(Constructor.java:490)[0m
[0m[[0m[31merror[0m] [0m[0m    ...[0m
[0m[[0m[0minfo[0m] [0m[0mTest amyc.[33mTyperTests[0m.[36mtestConstructorError2[0m started[0m
[0m[[0m[31merror[0m] [0m[0mTest amyc.[33mTyperTests[0m.[31mtestConstructorError2[0m failed: java.lang.[31mNoClassDefFoundError[0m: Could not initialize class amyc.parsing.Parser$, took 0.001 sec[0m
[0m[[0m[31merror[0m] [0m[0m    at amyc.TyperTests.<init>([35mTyperTests.scala[0m:[33m18[0m)[0m
[0m[[0m[31merror[0m] [0m[0m    at jdk.internal.reflect.NativeConstructorAccessorImpl.newInstance0(Native Method)[0m
[0m[[0m[31merror[0m] [0m[0m    at jdk.internal.reflect.NativeConstructorAccessorImpl.newInstance(NativeConstructorAccessorImpl.java:62)[0m
[0m[[0m[31merror[0m] [0m[0m    at jdk.internal.reflect.DelegatingConstructorAccessorImpl.newInstance(DelegatingConstructorAccessorImpl.java:45)[0m
[0m[[0m[31merror[0m] [0m[0m    at java.lang.reflect.Constructor.newInstance(Constructor.java:490)[0m
[0m[[0m[31merror[0m] [0m[0m    ...[0m
[0m[[0m[0minfo[0m] [0m[0mTest amyc.[33mTyperTests[0m.[36mtestConstructorError3[0m started[0m
[0m[[0m[31merror[0m] [0m[0mTest amyc.[33mTyperTests[0m.[31mtestConstructorError3[0m failed: java.lang.[31mNoClassDefFoundError[0m: Could not initialize class amyc.parsing.Parser$, took 0.0 sec[0m
[0m[[0m[31merror[0m] [0m[0m    at amyc.TyperTests.<init>([35mTyperTests.scala[0m:[33m18[0m)[0m
[0m[[0m[31merror[0m] [0m[0m    at jdk.internal.reflect.NativeConstructorAccessorImpl.newInstance0(Native Method)[0m
[0m[[0m[31merror[0m] [0m[0m    at jdk.internal.reflect.NativeConstructorAccessorImpl.newInstance(NativeConstructorAccessorImpl.java:62)[0m
[0m[[0m[31merror[0m] [0m[0m    at jdk.internal.reflect.DelegatingConstructorAccessorImpl.newInstance(DelegatingConstructorAccessorImpl.java:45)[0m
[0m[[0m[31merror[0m] [0m[0m    at java.lang.reflect.Constructor.newInstance(Constructor.java:490)[0m
[0m[[0m[31merror[0m] [0m[0m    ...[0m
[0m[[0m[0minfo[0m] [0m[0mTest amyc.[33mTyperTests[0m.[36mtestConstructorError4[0m started[0m
[0m[[0m[31merror[0m] [0m[0mTest amyc.[33mTyperTests[0m.[31mtestConstructorError4[0m failed: java.lang.[31mNoClassDefFoundError[0m: Could not initialize class amyc.parsing.Parser$, took 0.0 sec[0m
[0m[[0m[31merror[0m] [0m[0m    at amyc.TyperTests.<init>([35mTyperTests.scala[0m:[33m18[0m)[0m
[0m[[0m[31merror[0m] [0m[0m    at jdk.internal.reflect.NativeConstructorAccessorImpl.newInstance0(Native Method)[0m
[0m[[0m[31merror[0m] [0m[0m    at jdk.internal.reflect.NativeConstructorAccessorImpl.newInstance(NativeConstructorAccessorImpl.java:62)[0m
[0m[[0m[31merror[0m] [0m[0m    at jdk.internal.reflect.DelegatingConstructorAccessorImpl.newInstance(DelegatingConstructorAccessorImpl.java:45)[0m
[0m[[0m[31merror[0m] [0m[0m    at java.lang.reflect.Constructor.newInstance(Constructor.java:490)[0m
[0m[[0m[31merror[0m] [0m[0m    ...[0m
[0m[[0m[0minfo[0m] [0m[0mTest amyc.[33mTyperTests[0m.[36mtestArithError1[0m started[0m
[0m[[0m[31merror[0m] [0m[0mTest amyc.[33mTyperTests[0m.[31mtestArithError1[0m failed: java.lang.[31mNoClassDefFoundError[0m: Could not initialize class amyc.parsing.Parser$, took 0.001 sec[0m
[0m[[0m[31merror[0m] [0m[0m    at amyc.TyperTests.<init>([35mTyperTests.scala[0m:[33m18[0m)[0m
[0m[[0m[31merror[0m] [0m[0m    at jdk.internal.reflect.GeneratedConstructorAccessor2.newInstance(Unknown Source)[0m
[0m[[0m[31merror[0m] [0m[0m    at jdk.internal.reflect.DelegatingConstructorAccessorImpl.newInstance(DelegatingConstructorAccessorImpl.java:45)[0m
[0m[[0m[31merror[0m] [0m[0m    at java.lang.reflect.Constructor.newInstance(Constructor.java:490)[0m
[0m[[0m[31merror[0m] [0m[0m    ...[0m
[0m[[0m[0minfo[0m] [0m[0mTest amyc.[33mTyperTests[0m.[36mtestArithError2[0m started[0m
[0m[[0m[31merror[0m] [0m[0mTest amyc.[33mTyperTests[0m.[31mtestArithError2[0m failed: java.lang.[31mNoClassDefFoundError[0m: Could not initialize class amyc.parsing.Parser$, took 0.0 sec[0m
[0m[[0m[31merror[0m] [0m[0m    at amyc.TyperTests.<init>([35mTyperTests.scala[0m:[33m18[0m)[0m
[0m[[0m[31merror[0m] [0m[0m    at jdk.internal.reflect.GeneratedConstructorAccessor2.newInstance(Unknown Source)[0m
[0m[[0m[31merror[0m] [0m[0m    at jdk.internal.reflect.DelegatingConstructorAccessorImpl.newInstance(DelegatingConstructorAccessorImpl.java:45)[0m
[0m[[0m[31merror[0m] [0m[0m    at java.lang.reflect.Constructor.newInstance(Constructor.java:490)[0m
[0m[[0m[31merror[0m] [0m[0m    ...[0m
[0m[[0m[0minfo[0m] [0m[0mTest amyc.[33mTyperTests[0m.[36mtestArithError3[0m started[0m
[0m[[0m[31merror[0m] [0m[0mTest amyc.[33mTyperTests[0m.[31mtestArithError3[0m failed: java.lang.[31mNoClassDefFoundError[0m: Could not initialize class amyc.parsing.Parser$, took 0.0 sec[0m
[0m[[0m[31merror[0m] [0m[0m    at amyc.TyperTests.<init>([35mTyperTests.scala[0m:[33m18[0m)[0m
[0m[[0m[31merror[0m] [0m[0m    at jdk.internal.reflect.GeneratedConstructorAccessor2.newInstance(Unknown Source)[0m
[0m[[0m[31merror[0m] [0m[0m    at jdk.internal.reflect.DelegatingConstructorAccessorImpl.newInstance(DelegatingConstructorAccessorImpl.java:45)[0m
[0m[[0m[31merror[0m] [0m[0m    at java.lang.reflect.Constructor.newInstance(Constructor.java:490)[0m
[0m[[0m[31merror[0m] [0m[0m    ...[0m
[0m[[0m[0minfo[0m] [0m[0mTest amyc.[33mTyperTests[0m.[36mtestArithError4[0m started[0m
[0m[[0m[31merror[0m] [0m[0mTest amyc.[33mTyperTests[0m.[31mtestArithError4[0m failed: java.lang.[31mNoClassDefFoundError[0m: Could not initialize class amyc.parsing.Parser$, took 0.0 sec[0m
[0m[[0m[31merror[0m] [0m[0m    at amyc.TyperTests.<init>([35mTyperTests.scala[0m:[33m18[0m)[0m
[0m[[0m[31merror[0m] [0m[0m    at jdk.internal.reflect.GeneratedConstructorAccessor2.newInstance(Unknown Source)[0m
[0m[[0m[31merror[0m] [0m[0m    at jdk.internal.reflect.DelegatingConstructorAccessorImpl.newInstance(DelegatingConstructorAccessorImpl.java:45)[0m
[0m[[0m[31merror[0m] [0m[0m    at java.lang.reflect.Constructor.newInstance(Constructor.java:490)[0m
[0m[[0m[31merror[0m] [0m[0m    ...[0m
[0m[[0m[0minfo[0m] [0m[0mTest amyc.[33mTyperTests[0m.[36mtestArithError5[0m started[0m
[0m[[0m[31merror[0m] [0m[0mTest amyc.[33mTyperTests[0m.[31mtestArithError5[0m failed: java.lang.[31mNoClassDefFoundError[0m: Could not initialize class amyc.parsing.Parser$, took 0.0 sec[0m
[0m[[0m[31merror[0m] [0m[0m    at amyc.TyperTests.<init>([35mTyperTests.scala[0m:[33m18[0m)[0m
[0m[[0m[31merror[0m] [0m[0m    at jdk.internal.reflect.GeneratedConstructorAccessor2.newInstance(Unknown Source)[0m
[0m[[0m[31merror[0m] [0m[0m    at jdk.internal.reflect.DelegatingConstructorAccessorImpl.newInstance(DelegatingConstructorAccessorImpl.java:45)[0m
[0m[[0m[31merror[0m] [0m[0m    at java.lang.reflect.Constructor.newInstance(Constructor.java:490)[0m
[0m[[0m[31merror[0m] [0m[0m    ...[0m
[0m[[0m[0minfo[0m] [0m[0mTest amyc.[33mTyperTests[0m.[36mtestFunctionCalls[0m started[0m
[0m[[0m[31merror[0m] [0m[0mTest amyc.[33mTyperTests[0m.[31mtestFunctionCalls[0m failed: java.lang.[31mNoClassDefFoundError[0m: Could not initialize class amyc.parsing.Parser$, took 0.0 sec[0m
[0m[[0m[31merror[0m] [0m[0m    at amyc.TyperTests.<init>([35mTyperTests.scala[0m:[33m18[0m)[0m
[0m[[0m[31merror[0m] [0m[0m    at jdk.internal.reflect.GeneratedConstructorAccessor2.newInstance(Unknown Source)[0m
[0m[[0m[31merror[0m] [0m[0m    at jdk.internal.reflect.DelegatingConstructorAccessorImpl.newInstance(DelegatingConstructorAccessorImpl.java:45)[0m
[0m[[0m[31merror[0m] [0m[0m    at java.lang.reflect.Constructor.newInstance(Constructor.java:490)[0m
[0m[[0m[31merror[0m] [0m[0m    ...[0m
[0m[[0m[0minfo[0m] [0m[0mTest amyc.[33mTyperTests[0m.[36mtestIfWithError[0m started[0m
[0m[[0m[31merror[0m] [0m[0mTest amyc.[33mTyperTests[0m.[31mtestIfWithError[0m failed: java.lang.[31mNoClassDefFoundError[0m: Could not initialize class amyc.parsing.Parser$, took 0.001 sec[0m
[0m[[0m[31merror[0m] [0m[0m    at amyc.TyperTests.<init>([35mTyperTests.scala[0m:[33m18[0m)[0m
[0m[[0m[31merror[0m] [0m[0m    at jdk.internal.reflect.GeneratedConstructorAccessor2.newInstance(Unknown Source)[0m
[0m[[0m[31merror[0m] [0m[0m    at jdk.internal.reflect.DelegatingConstructorAccessorImpl.newInstance(DelegatingConstructorAccessorImpl.java:45)[0m
[0m[[0m[31merror[0m] [0m[0m    at java.lang.reflect.Constructor.newInstance(Constructor.java:490)[0m
[0m[[0m[31merror[0m] [0m[0m    ...[0m
[0m[[0m[0minfo[0m] [0m[0mTest amyc.[33mTyperTests[0m.[36mtestComparisonError[0m started[0m
[0m[[0m[31merror[0m] [0m[0mTest amyc.[33mTyperTests[0m.[31mtestComparisonError[0m failed: java.lang.[31mNoClassDefFoundError[0m: Could not initialize class amyc.parsing.Parser$, took 0.0 sec[0m
[0m[[0m[31merror[0m] [0m[0m    at amyc.TyperTests.<init>([35mTyperTests.scala[0m:[33m18[0m)[0m
[0m[[0m[31merror[0m] [0m[0m    at jdk.internal.reflect.GeneratedConstructorAccessor2.newInstance(Unknown Source)[0m
[0m[[0m[31merror[0m] [0m[0m    at jdk.internal.reflect.DelegatingConstructorAccessorImpl.newInstance(DelegatingConstructorAccessorImpl.java:45)[0m
[0m[[0m[31merror[0m] [0m[0m    at java.lang.reflect.Constructor.newInstance(Constructor.java:490)[0m
[0m[[0m[31merror[0m] [0m[0m    ...[0m
[0m[[0m[0minfo[0m] [0m[0mTest amyc.[33mTyperTests[0m.[36mtestSeqWithError[0m started[0m
[0m[[0m[31merror[0m] [0m[0mTest amyc.[33mTyperTests[0m.[31mtestSeqWithError[0m failed: java.lang.[31mNoClassDefFoundError[0m: Could not initialize class amyc.parsing.Parser$, took 0.0 sec[0m
[0m[[0m[31merror[0m] [0m[0m    at amyc.TyperTests.<init>([35mTyperTests.scala[0m:[33m18[0m)[0m
[0m[[0m[31merror[0m] [0m[0m    at jdk.internal.reflect.GeneratedConstructorAccessor2.newInstance(Unknown Source)[0m
[0m[[0m[31merror[0m] [0m[0m    at jdk.internal.reflect.DelegatingConstructorAccessorImpl.newInstance(DelegatingConstructorAccessorImpl.java:45)[0m
[0m[[0m[31merror[0m] [0m[0m    at java.lang.reflect.Constructor.newInstance(Constructor.java:490)[0m
[0m[[0m[31merror[0m] [0m[0m    ...[0m
[0m[[0m[0minfo[0m] [0m[0mTest amyc.[33mTyperTests[0m.[36mtestLogical[0m started[0m
[0m[[0m[31merror[0m] [0m[0mTest amyc.[33mTyperTests[0m.[31mtestLogical[0m failed: java.lang.[31mNoClassDefFoundError[0m: Could not initialize class amyc.parsing.Parser$, took 0.0 sec[0m
[0m[[0m[31merror[0m] [0m[0m    at amyc.TyperTests.<init>([35mTyperTests.scala[0m:[33m18[0m)[0m
[0m[[0m[31merror[0m] [0m[0m    at jdk.internal.reflect.GeneratedConstructorAccessor2.newInstance(Unknown Source)[0m
[0m[[0m[31merror[0m] [0m[0m    at jdk.internal.reflect.DelegatingConstructorAccessorImpl.newInstance(DelegatingConstructorAccessorImpl.java:45)[0m
[0m[[0m[31merror[0m] [0m[0m    at java.lang.reflect.Constructor.newInstance(Constructor.java:490)[0m
[0m[[0m[31merror[0m] [0m[0m    ...[0m
[0m[[0m[0minfo[0m] [0m[0mTest amyc.[33mTyperTests[0m.[36mtestLogicalError1[0m started[0m
[0m[[0m[31merror[0m] [0m[0mTest amyc.[33mTyperTests[0m.[31mtestLogicalError1[0m failed: java.lang.[31mNoClassDefFoundError[0m: Could not initialize class amyc.parsing.Parser$, took 0.0 sec[0m
[0m[[0m[31merror[0m] [0m[0m    at amyc.TyperTests.<init>([35mTyperTests.scala[0m:[33m18[0m)[0m
[0m[[0m[31merror[0m] [0m[0m    at jdk.internal.reflect.GeneratedConstructorAccessor2.newInstance(Unknown Source)[0m
[0m[[0m[31merror[0m] [0m[0m    at jdk.internal.reflect.DelegatingConstructorAccessorImpl.newInstance(DelegatingConstructorAccessorImpl.java:45)[0m
[0m[[0m[31merror[0m] [0m[0m    at java.lang.reflect.Constructor.newInstance(Constructor.java:490)[0m
[0m[[0m[31merror[0m] [0m[0m    ...[0m
[0m[[0m[0minfo[0m] [0m[0mTest amyc.[33mTyperTests[0m.[36mtestLogicalError2[0m started[0m
[0m[[0m[31merror[0m] [0m[0mTest amyc.[33mTyperTests[0m.[31mtestLogicalError2[0m failed: java.lang.[31mNoClassDefFoundError[0m: Could not initialize class amyc.parsing.Parser$, took 0.0 sec[0m
[0m[[0m[31merror[0m] [0m[0m    at amyc.TyperTests.<init>([35mTyperTests.scala[0m:[33m18[0m)[0m
[0m[[0m[31merror[0m] [0m[0m    at jdk.internal.reflect.GeneratedConstructorAccessor2.newInstance(Unknown Source)[0m
[0m[[0m[31merror[0m] [0m[0m    at jdk.internal.reflect.DelegatingConstructorAccessorImpl.newInstance(DelegatingConstructorAccessorImpl.java:45)[0m
[0m[[0m[31merror[0m] [0m[0m    at java.lang.reflect.Constructor.newInstance(Constructor.java:490)[0m
[0m[[0m[31merror[0m] [0m[0m    ...[0m
[0m[[0m[0minfo[0m] [0m[0mTest amyc.[33mTyperTests[0m.[36mtestLogicalError3[0m started[0m
[0m[[0m[31merror[0m] [0m[0mTest amyc.[33mTyperTests[0m.[31mtestLogicalError3[0m failed: java.lang.[31mNoClassDefFoundError[0m: Could not initialize class amyc.parsing.Parser$, took 0.0 sec[0m
[0m[[0m[31merror[0m] [0m[0m    at amyc.TyperTests.<init>([35mTyperTests.scala[0m:[33m18[0m)[0m
[0m[[0m[31merror[0m] [0m[0m    at jdk.internal.reflect.GeneratedConstructorAccessor2.newInstance(Unknown Source)[0m
[0m[[0m[31merror[0m] [0m[0m    at jdk.internal.reflect.DelegatingConstructorAccessorImpl.newInstance(DelegatingConstructorAccessorImpl.java:45)[0m
[0m[[0m[31merror[0m] [0m[0m    at java.lang.reflect.Constructor.newInstance(Constructor.java:490)[0m
[0m[[0m[31merror[0m] [0m[0m    ...[0m
[0m[[0m[0minfo[0m] [0m[0mTest amyc.[33mTyperTests[0m.[36mtestConcatError[0m started[0m
[0m[[0m[31merror[0m] [0m[0mTest amyc.[33mTyperTests[0m.[31mtestConcatError[0m failed: java.lang.[31mNoClassDefFoundError[0m: Could not initialize class amyc.parsing.Parser$, took 0.0 sec[0m
[0m[[0m[31merror[0m] [0m[0m    at amyc.TyperTests.<init>([35mTyperTests.scala[0m:[33m18[0m)[0m
[0m[[0m[31merror[0m] [0m[0m    at jdk.internal.reflect.GeneratedConstructorAccessor2.newInstance(Unknown Source)[0m
[0m[[0m[31merror[0m] [0m[0m    at jdk.internal.reflect.DelegatingConstructorAccessorImpl.newInstance(DelegatingConstructorAccessorImpl.java:45)[0m
[0m[[0m[31merror[0m] [0m[0m    at java.lang.reflect.Constructor.newInstance(Constructor.java:490)[0m
[0m[[0m[31merror[0m] [0m[0m    ...[0m
[0m[[0m[0minfo[0m] [0m[0mTest amyc.[33mTyperTests[0m.[36mtestMatchError1[0m started[0m
[0m[[0m[31merror[0m] [0m[0mTest amyc.[33mTyperTests[0m.[31mtestMatchError1[0m failed: java.lang.[31mNoClassDefFoundError[0m: Could not initialize class amyc.parsing.Parser$, took 0.0 sec[0m
[0m[[0m[31merror[0m] [0m[0m    at amyc.TyperTests.<init>([35mTyperTests.scala[0m:[33m18[0m)[0m
[0m[[0m[31merror[0m] [0m[0m    at jdk.internal.reflect.GeneratedConstructorAccessor2.newInstance(Unknown Source)[0m
[0m[[0m[31merror[0m] [0m[0m    at jdk.internal.reflect.DelegatingConstructorAccessorImpl.newInstance(DelegatingConstructorAccessorImpl.java:45)[0m
[0m[[0m[31merror[0m] [0m[0m    at java.lang.reflect.Constructor.newInstance(Constructor.java:490)[0m
[0m[[0m[31merror[0m] [0m[0m    ...[0m
[0m[[0m[0minfo[0m] [0m[0mTest amyc.[33mTyperTests[0m.[36mtestMatchError2[0m started[0m
[0m[[0m[31merror[0m] [0m[0mTest amyc.[33mTyperTests[0m.[31mtestMatchError2[0m failed: java.lang.[31mNoClassDefFoundError[0m: Could not initialize class amyc.parsing.Parser$, took 0.0 sec[0m
[0m[[0m[31merror[0m] [0m[0m    at amyc.TyperTests.<init>([35mTyperTests.scala[0m:[33m18[0m)[0m
[0m[[0m[31merror[0m] [0m[0m    at jdk.internal.reflect.GeneratedConstructorAccessor2.newInstance(Unknown Source)[0m
[0m[[0m[31merror[0m] [0m[0m    at jdk.internal.reflect.DelegatingConstructorAccessorImpl.newInstance(DelegatingConstructorAccessorImpl.java:45)[0m
[0m[[0m[31merror[0m] [0m[0m    at java.lang.reflect.Constructor.newInstance(Constructor.java:490)[0m
[0m[[0m[31merror[0m] [0m[0m    ...[0m
[0m[[0m[0minfo[0m] [0m[0mTest amyc.[33mTyperTests[0m.[36mtestMatchError3[0m started[0m
[0m[[0m[31merror[0m] [0m[0mTest amyc.[33mTyperTests[0m.[31mtestMatchError3[0m failed: java.lang.[31mNoClassDefFoundError[0m: Could not initialize class amyc.parsing.Parser$, took 0.0 sec[0m
[0m[[0m[31merror[0m] [0m[0m    at amyc.TyperTests.<init>([35mTyperTests.scala[0m:[33m18[0m)[0m
[0m[[0m[31merror[0m] [0m[0m    at jdk.internal.reflect.GeneratedConstructorAccessor2.newInstance(Unknown Source)[0m
[0m[[0m[31merror[0m] [0m[0m    at jdk.internal.reflect.DelegatingConstructorAccessorImpl.newInstance(DelegatingConstructorAccessorImpl.java:45)[0m
[0m[[0m[31merror[0m] [0m[0m    at java.lang.reflect.Constructor.newInstance(Constructor.java:490)[0m
[0m[[0m[31merror[0m] [0m[0m    ...[0m
[0m[[0m[0minfo[0m] [0m[0mTest amyc.[33mTyperTests[0m.[36mtestMatchError4[0m started[0m
[0m[[0m[31merror[0m] [0m[0mTest amyc.[33mTyperTests[0m.[31mtestMatchError4[0m failed: java.lang.[31mNoClassDefFoundError[0m: Could not initialize class amyc.parsing.Parser$, took 0.0 sec[0m
[0m[[0m[31merror[0m] [0m[0m    at amyc.TyperTests.<init>([35mTyperTests.scala[0m:[33m18[0m)[0m
[0m[[0m[31merror[0m] [0m[0m    at jdk.internal.reflect.GeneratedConstructorAccessor2.newInstance(Unknown Source)[0m
[0m[[0m[31merror[0m] [0m[0m    at jdk.internal.reflect.DelegatingConstructorAccessorImpl.newInstance(DelegatingConstructorAccessorImpl.java:45)[0m
[0m[[0m[31merror[0m] [0m[0m    at java.lang.reflect.Constructor.newInstance(Constructor.java:490)[0m
[0m[[0m[31merror[0m] [0m[0m    ...[0m
[0m[[0m[0minfo[0m] [0m[0mTest amyc.[33mTyperTests[0m.[36mtestMatchError5[0m started[0m
[0m[[0m[31merror[0m] [0m[0mTest amyc.[33mTyperTests[0m.[31mtestMatchError5[0m failed: java.lang.[31mNoClassDefFoundError[0m: Could not initialize class amyc.parsing.Parser$, took 0.001 sec[0m
[0m[[0m[31merror[0m] [0m[0m    at amyc.TyperTests.<init>([35mTyperTests.scala[0m:[33m18[0m)[0m
[0m[[0m[31merror[0m] [0m[0m    at jdk.internal.reflect.GeneratedConstructorAccessor2.newInstance(Unknown Source)[0m
[0m[[0m[31merror[0m] [0m[0m    at jdk.internal.reflect.DelegatingConstructorAccessorImpl.newInstance(DelegatingConstructorAccessorImpl.java:45)[0m
[0m[[0m[31merror[0m] [0m[0m    at java.lang.reflect.Constructor.newInstance(Constructor.java:490)[0m
[0m[[0m[31merror[0m] [0m[0m    ...[0m
[0m[[0m[0minfo[0m] [0m[0mTest amyc.[33mTyperTests[0m.[36mtestMatchError6[0m started[0m
[0m[[0m[31merror[0m] [0m[0mTest amyc.[33mTyperTests[0m.[31mtestMatchError6[0m failed: java.lang.[31mNoClassDefFoundError[0m: Could not initialize class amyc.parsing.Parser$, took 0.0 sec[0m
[0m[[0m[31merror[0m] [0m[0m    at amyc.TyperTests.<init>([35mTyperTests.scala[0m:[33m18[0m)[0m
[0m[[0m[31merror[0m] [0m[0m    at jdk.internal.reflect.GeneratedConstructorAccessor2.newInstance(Unknown Source)[0m
[0m[[0m[31merror[0m] [0m[0m    at jdk.internal.reflect.DelegatingConstructorAccessorImpl.newInstance(DelegatingConstructorAccessorImpl.java:45)[0m
[0m[[0m[31merror[0m] [0m[0m    at java.lang.reflect.Constructor.newInstance(Constructor.java:490)[0m
[0m[[0m[31merror[0m] [0m[0m    ...[0m
[0m[[0m[0minfo[0m] [0m[0mTest amyc.[33mTyperTests[0m.[36mtestLetError1[0m started[0m
[0m[[0m[31merror[0m] [0m[0mTest amyc.[33mTyperTests[0m.[31mtestLetError1[0m failed: java.lang.[31mNoClassDefFoundError[0m: Could not initialize class amyc.parsing.Parser$, took 0.0 sec[0m
[0m[[0m[31merror[0m] [0m[0m    at amyc.TyperTests.<init>([35mTyperTests.scala[0m:[33m18[0m)[0m
[0m[[0m[31merror[0m] [0m[0m    at jdk.internal.reflect.GeneratedConstructorAccessor2.newInstance(Unknown Source)[0m
[0m[[0m[31merror[0m] [0m[0m    at jdk.internal.reflect.DelegatingConstructorAccessorImpl.newInstance(DelegatingConstructorAccessorImpl.java:45)[0m
[0m[[0m[31merror[0m] [0m[0m    at java.lang.reflect.Constructor.newInstance(Constructor.java:490)[0m
[0m[[0m[31merror[0m] [0m[0m    ...[0m
[0m[[0m[0minfo[0m] [0m[0mTest amyc.[33mTyperTests[0m.[36mtestLetError2[0m started[0m
[0m[[0m[31merror[0m] [0m[0mTest amyc.[33mTyperTests[0m.[31mtestLetError2[0m failed: java.lang.[31mNoClassDefFoundError[0m: Could not initialize class amyc.parsing.Parser$, took 0.0 sec[0m
[0m[[0m[31merror[0m] [0m[0m    at amyc.TyperTests.<init>([35mTyperTests.scala[0m:[33m18[0m)[0m
[0m[[0m[31merror[0m] [0m[0m    at jdk.internal.reflect.GeneratedConstructorAccessor2.newInstance(Unknown Source)[0m
[0m[[0m[31merror[0m] [0m[0m    at jdk.internal.reflect.DelegatingConstructorAccessorImpl.newInstance(DelegatingConstructorAccessorImpl.java:45)[0m
[0m[[0m[31merror[0m] [0m[0m    at java.lang.reflect.Constructor.newInstance(Constructor.java:490)[0m
[0m[[0m[31merror[0m] [0m[0m    ...[0m
[0m[[0m[0minfo[0m] [0m[0mTest amyc.[33mTyperTests[0m.[36mtestOperatorError1[0m started[0m
[0m[[0m[31merror[0m] [0m[0mTest amyc.[33mTyperTests[0m.[31mtestOperatorError1[0m failed: java.lang.[31mNoClassDefFoundError[0m: Could not initialize class amyc.parsing.Parser$, took 0.0 sec[0m
[0m[[0m[31merror[0m] [0m[0m    at amyc.TyperTests.<init>([35mTyperTests.scala[0m:[33m18[0m)[0m
[0m[[0m[31merror[0m] [0m[0m    at jdk.internal.reflect.GeneratedConstructorAccessor2.newInstance(Unknown Source)[0m
[0m[[0m[31merror[0m] [0m[0m    at jdk.internal.reflect.DelegatingConstructorAccessorImpl.newInstance(DelegatingConstructorAccessorImpl.java:45)[0m
[0m[[0m[31merror[0m] [0m[0m    at java.lang.reflect.Constructor.newInstance(Constructor.java:490)[0m
[0m[[0m[31merror[0m] [0m[0m    ...[0m
[0m[[0m[0minfo[0m] [0m[0mTest amyc.[33mTyperTests[0m.[36mtestOperatorError2[0m started[0m
[0m[[0m[31merror[0m] [0m[0mTest amyc.[33mTyperTests[0m.[31mtestOperatorError2[0m failed: java.lang.[31mNoClassDefFoundError[0m: Could not initialize class amyc.parsing.Parser$, took 0.0 sec[0m
[0m[[0m[31merror[0m] [0m[0m    at amyc.TyperTests.<init>([35mTyperTests.scala[0m:[33m18[0m)[0m
[0m[[0m[31merror[0m] [0m[0m    at jdk.internal.reflect.GeneratedConstructorAccessor2.newInstance(Unknown Source)[0m
[0m[[0m[31merror[0m] [0m[0m    at jdk.internal.reflect.DelegatingConstructorAccessorImpl.newInstance(DelegatingConstructorAccessorImpl.java:45)[0m
[0m[[0m[31merror[0m] [0m[0m    at java.lang.reflect.Constructor.newInstance(Constructor.java:490)[0m
[0m[[0m[31merror[0m] [0m[0m    ...[0m
[0m[[0m[0minfo[0m] [0m[0mTest amyc.[33mTyperTests[0m.[36mtestOperatorError3[0m started[0m
[0m[[0m[31merror[0m] [0m[0mTest amyc.[33mTyperTests[0m.[31mtestOperatorError3[0m failed: java.lang.[31mNoClassDefFoundError[0m: Could not initialize class amyc.parsing.Parser$, took 0.0 sec[0m
[0m[[0m[31merror[0m] [0m[0m    at amyc.TyperTests.<init>([35mTyperTests.scala[0m:[33m18[0m)[0m
[0m[[0m[31merror[0m] [0m[0m    at jdk.internal.reflect.GeneratedConstructorAccessor2.newInstance(Unknown Source)[0m
[0m[[0m[31merror[0m] [0m[0m    at jdk.internal.reflect.DelegatingConstructorAccessorImpl.newInstance(DelegatingConstructorAccessorImpl.java:45)[0m
[0m[[0m[31merror[0m] [0m[0m    at java.lang.reflect.Constructor.newInstance(Constructor.java:490)[0m
[0m[[0m[31merror[0m] [0m[0m    ...[0m
[0m[[0m[0minfo[0m] [0m[0mTest amyc.[33mTyperTests[0m.[36mtestErrorError[0m started[0m
[0m[[0m[31merror[0m] [0m[0mTest amyc.[33mTyperTests[0m.[31mtestErrorError[0m failed: java.lang.[31mNoClassDefFoundError[0m: Could not initialize class amyc.parsing.Parser$, took 0.0 sec[0m
[0m[[0m[31merror[0m] [0m[0m    at amyc.TyperTests.<init>([35mTyperTests.scala[0m:[33m18[0m)[0m
[0m[[0m[31merror[0m] [0m[0m    at jdk.internal.reflect.GeneratedConstructorAccessor2.newInstance(Unknown Source)[0m
[0m[[0m[31merror[0m] [0m[0m    at jdk.internal.reflect.DelegatingConstructorAccessorImpl.newInstance(DelegatingConstructorAccessorImpl.java:45)[0m
[0m[[0m[31merror[0m] [0m[0m    at java.lang.reflect.Constructor.newInstance(Constructor.java:490)[0m
[0m[[0m[31merror[0m] [0m[0m    ...[0m
[0m[[0m[0minfo[0m] [0m[0mTest amyc.[33mTyperTests[0m.[36mtestMatchWithError[0m started[0m
[0m[[0m[31merror[0m] [0m[0mTest amyc.[33mTyperTests[0m.[31mtestMatchWithError[0m failed: java.lang.[31mNoClassDefFoundError[0m: Could not initialize class amyc.parsing.Parser$, took 0.0 sec[0m
[0m[[0m[31merror[0m] [0m[0m    at amyc.TyperTests.<init>([35mTyperTests.scala[0m:[33m18[0m)[0m
[0m[[0m[31merror[0m] [0m[0m    at jdk.internal.reflect.GeneratedConstructorAccessor2.newInstance(Unknown Source)[0m
[0m[[0m[31merror[0m] [0m[0m    at jdk.internal.reflect.DelegatingConstructorAccessorImpl.newInstance(DelegatingConstructorAccessorImpl.java:45)[0m
[0m[[0m[31merror[0m] [0m[0m    at java.lang.reflect.Constructor.newInstance(Constructor.java:490)[0m
[0m[[0m[31merror[0m] [0m[0m    ...[0m
[0m[[0m[0minfo[0m] [0m[0mTest amyc.[33mTyperTests[0m.[36mtestIfError1[0m started[0m
[0m[[0m[31merror[0m] [0m[0mTest amyc.[33mTyperTests[0m.[31mtestIfError1[0m failed: java.lang.[31mNoClassDefFoundError[0m: Could not initialize class amyc.parsing.Parser$, took 0.0 sec[0m
[0m[[0m[31merror[0m] [0m[0m    at amyc.TyperTests.<init>([35mTyperTests.scala[0m:[33m18[0m)[0m
[0m[[0m[31merror[0m] [0m[0m    at jdk.internal.reflect.GeneratedConstructorAccessor2.newInstance(Unknown Source)[0m
[0m[[0m[31merror[0m] [0m[0m    at jdk.internal.reflect.DelegatingConstructorAccessorImpl.newInstance(DelegatingConstructorAccessorImpl.java:45)[0m
[0m[[0m[31merror[0m] [0m[0m    at java.lang.reflect.Constructor.newInstance(Constructor.java:490)[0m
[0m[[0m[31merror[0m] [0m[0m    ...[0m
[0m[[0m[0minfo[0m] [0m[0mTest amyc.[33mTyperTests[0m.[36mtestIfError2[0m started[0m
[0m[[0m[31merror[0m] [0m[0mTest amyc.[33mTyperTests[0m.[31mtestIfError2[0m failed: java.lang.[31mNoClassDefFoundError[0m: Could not initialize class amyc.parsing.Parser$, took 0.0 sec[0m
[0m[[0m[31merror[0m] [0m[0m    at amyc.TyperTests.<init>([35mTyperTests.scala[0m:[33m18[0m)[0m
[0m[[0m[31merror[0m] [0m[0m    at jdk.internal.reflect.GeneratedConstructorAccessor2.newInstance(Unknown Source)[0m
[0m[[0m[31merror[0m] [0m[0m    at jdk.internal.reflect.DelegatingConstructorAccessorImpl.newInstance(DelegatingConstructorAccessorImpl.java:45)[0m
[0m[[0m[31merror[0m] [0m[0m    at java.lang.reflect.Constructor.newInstance(Constructor.java:490)[0m
[0m[[0m[31merror[0m] [0m[0m    ...[0m
[0m[[0m[0minfo[0m] [0m[0mTest amyc.[33mTyperTests[0m.[36mtestIfError3[0m started[0m
[0m[[0m[31merror[0m] [0m[0mTest amyc.[33mTyperTests[0m.[31mtestIfError3[0m failed: java.lang.[31mNoClassDefFoundError[0m: Could not initialize class amyc.parsing.Parser$, took 0.0 sec[0m
[0m[[0m[31merror[0m] [0m[0m    at amyc.TyperTests.<init>([35mTyperTests.scala[0m:[33m18[0m)[0m
[0m[[0m[31merror[0m] [0m[0m    at jdk.internal.reflect.GeneratedConstructorAccessor2.newInstance(Unknown Source)[0m
[0m[[0m[31merror[0m] [0m[0m    at jdk.internal.reflect.DelegatingConstructorAccessorImpl.newInstance(DelegatingConstructorAccessorImpl.java:45)[0m
[0m[[0m[31merror[0m] [0m[0m    at java.lang.reflect.Constructor.newInstance(Constructor.java:490)[0m
[0m[[0m[31merror[0m] [0m[0m    ...[0m
[0m[[0m[0minfo[0m] [0m[0mTest amyc.[33mTyperTests[0m.[36mtestFunctionCalls1[0m started[0m
[0m[[0m[31merror[0m] [0m[0mTest amyc.[33mTyperTests[0m.[31mtestFunctionCalls1[0m failed: java.lang.[31mNoClassDefFoundError[0m: Could not initialize class amyc.parsing.Parser$, took 0.0 sec[0m
[0m[[0m[31merror[0m] [0m[0m    at amyc.TyperTests.<init>([35mTyperTests.scala[0m:[33m18[0m)[0m
[0m[[0m[31merror[0m] [0m[0m    at jdk.internal.reflect.GeneratedConstructorAccessor2.newInstance(Unknown Source)[0m
[0m[[0m[31merror[0m] [0m[0m    at jdk.internal.reflect.DelegatingConstructorAccessorImpl.newInstance(DelegatingConstructorAccessorImpl.java:45)[0m
[0m[[0m[31merror[0m] [0m[0m    at java.lang.reflect.Constructor.newInstance(Constructor.java:490)[0m
[0m[[0m[31merror[0m] [0m[0m    ...[0m
[0m[[0m[0minfo[0m] [0m[0mTest amyc.[33mTyperTests[0m.[36mtestFunctionCalls2[0m started[0m
[0m[[0m[31merror[0m] [0m[0mTest amyc.[33mTyperTests[0m.[31mtestFunctionCalls2[0m failed: java.lang.[31mNoClassDefFoundError[0m: Could not initialize class amyc.parsing.Parser$, took 0.0 sec[0m
[0m[[0m[31merror[0m] [0m[0m    at amyc.TyperTests.<init>([35mTyperTests.scala[0m:[33m18[0m)[0m
[0m[[0m[31merror[0m] [0m[0m    at jdk.internal.reflect.GeneratedConstructorAccessor2.newInstance(Unknown Source)[0m
[0m[[0m[31merror[0m] [0m[0m    at jdk.internal.reflect.DelegatingConstructorAccessorImpl.newInstance(DelegatingConstructorAccessorImpl.java:45)[0m
[0m[[0m[31merror[0m] [0m[0m    at java.lang.reflect.Constructor.newInstance(Constructor.java:490)[0m
[0m[[0m[31merror[0m] [0m[0m    ...[0m
[0m[[0m[0minfo[0m] [0m[0mTest amyc.[33mTyperTests[0m.[36mtestFunctionCalls3[0m started[0m
[0m[[0m[31merror[0m] [0m[0mTest amyc.[33mTyperTests[0m.[31mtestFunctionCalls3[0m failed: java.lang.[31mNoClassDefFoundError[0m: Could not initialize class amyc.parsing.Parser$, took 0.0 sec[0m
[0m[[0m[31merror[0m] [0m[0m    at amyc.TyperTests.<init>([35mTyperTests.scala[0m:[33m18[0m)[0m
[0m[[0m[31merror[0m] [0m[0m    at jdk.internal.reflect.GeneratedConstructorAccessor2.newInstance(Unknown Source)[0m
[0m[[0m[31merror[0m] [0m[0m    at jdk.internal.reflect.DelegatingConstructorAccessorImpl.newInstance(DelegatingConstructorAccessorImpl.java:45)[0m
[0m[[0m[31merror[0m] [0m[0m    at java.lang.reflect.Constructor.newInstance(Constructor.java:490)[0m
[0m[[0m[31merror[0m] [0m[0m    ...[0m
[0m[[0m[0minfo[0m] [0m[0mTest amyc.[33mTyperTests[0m.[36mtestMatch1[0m started[0m
[0m[[0m[31merror[0m] [0m[0mTest amyc.[33mTyperTests[0m.[31mtestMatch1[0m failed: java.lang.[31mNoClassDefFoundError[0m: Could not initialize class amyc.parsing.Parser$, took 0.0 sec[0m
[0m[[0m[31merror[0m] [0m[0m    at amyc.TyperTests.<init>([35mTyperTests.scala[0m:[33m18[0m)[0m
[0m[[0m[31merror[0m] [0m[0m    at jdk.internal.reflect.GeneratedConstructorAccessor2.newInstance(Unknown Source)[0m
[0m[[0m[31merror[0m] [0m[0m    at jdk.internal.reflect.DelegatingConstructorAccessorImpl.newInstance(DelegatingConstructorAccessorImpl.java:45)[0m
[0m[[0m[31merror[0m] [0m[0m    at java.lang.reflect.Constructor.newInstance(Constructor.java:490)[0m
[0m[[0m[31merror[0m] [0m[0m    ...[0m
[0m[[0m[0minfo[0m] [0m[0mTest amyc.[33mTyperTests[0m.[36mtestMatch2[0m started[0m
[0m[[0m[31merror[0m] [0m[0mTest amyc.[33mTyperTests[0m.[31mtestMatch2[0m failed: java.lang.[31mNoClassDefFoundError[0m: Could not initialize class amyc.parsing.Parser$, took 0.0 sec[0m
[0m[[0m[31merror[0m] [0m[0m    at amyc.TyperTests.<init>([35mTyperTests.scala[0m:[33m18[0m)[0m
[0m[[0m[31merror[0m] [0m[0m    at jdk.internal.reflect.GeneratedConstructorAccessor2.newInstance(Unknown Source)[0m
[0m[[0m[31merror[0m] [0m[0m    at jdk.internal.reflect.DelegatingConstructorAccessorImpl.newInstance(DelegatingConstructorAccessorImpl.java:45)[0m
[0m[[0m[31merror[0m] [0m[0m    at java.lang.reflect.Constructor.newInstance(Constructor.java:490)[0m
[0m[[0m[31merror[0m] [0m[0m    ...[0m
[0m[[0m[0minfo[0m] [0m[0mTest amyc.[33mTyperTests[0m.[36mtestMatch3[0m started[0m
[0m[[0m[31merror[0m] [0m[0mTest amyc.[33mTyperTests[0m.[31mtestMatch3[0m failed: java.lang.[31mNoClassDefFoundError[0m: Could not initialize class amyc.parsing.Parser$, took 0.0 sec[0m
[0m[[0m[31merror[0m] [0m[0m    at amyc.TyperTests.<init>([35mTyperTests.scala[0m:[33m18[0m)[0m
[0m[[0m[31merror[0m] [0m[0m    at jdk.internal.reflect.GeneratedConstructorAccessor2.newInstance(Unknown Source)[0m
[0m[[0m[31merror[0m] [0m[0m    at jdk.internal.reflect.DelegatingConstructorAccessorImpl.newInstance(DelegatingConstructorAccessorImpl.java:45)[0m
[0m[[0m[31merror[0m] [0m[0m    at java.lang.reflect.Constructor.newInstance(Constructor.java:490)[0m
[0m[[0m[31merror[0m] [0m[0m    ...[0m
[0m[[0m[0minfo[0m] [0m[0mTest amyc.[33mTyperTests[0m.[36mtestEqualityError[0m started[0m
[0m[[0m[31merror[0m] [0m[0mTest amyc.[33mTyperTests[0m.[31mtestEqualityError[0m failed: java.lang.[31mNoClassDefFoundError[0m: Could not initialize class amyc.parsing.Parser$, took 0.0 sec[0m
[0m[[0m[31merror[0m] [0m[0m    at amyc.TyperTests.<init>([35mTyperTests.scala[0m:[33m18[0m)[0m
[0m[[0m[31merror[0m] [0m[0m    at jdk.internal.reflect.GeneratedConstructorAccessor2.newInstance(Unknown Source)[0m
[0m[[0m[31merror[0m] [0m[0m    at jdk.internal.reflect.DelegatingConstructorAccessorImpl.newInstance(DelegatingConstructorAccessorImpl.java:45)[0m
[0m[[0m[31merror[0m] [0m[0m    at java.lang.reflect.Constructor.newInstance(Constructor.java:490)[0m
[0m[[0m[31merror[0m] [0m[0m    ...[0m
[0m[[0m[0minfo[0m] [0m[0m[34mTest run finished: [0m[31m53 failed[0m[34m, [0m[34m0 ignored[0m[34m, 53 total, 0.307s[0m[0m
[0m[[0m[0minfo[0m] [0m[0m[34mTest run started[0m[0m
[0m[[0m[0minfo[0m] [0m[0mTest amyc.[33mNameAnalyzerTests[0m.[36mtestDuplicatMatchLocals1[0m started[0m
[0m[[0m[31merror[0m] [0m[0mTest amyc.[33mNameAnalyzerTests[0m.[31mtestDuplicatMatchLocals1[0m failed: java.lang.[31mNoClassDefFoundError[0m: Could not initialize class amyc.parsing.Parser$, took 0.0 sec[0m
[0m[[0m[31merror[0m] [0m[0m    at amyc.NameAnalyzerTests.<init>([35mNameAnalyzerTests.scala[0m:[33m34[0m)[0m
[0m[[0m[31merror[0m] [0m[0m    at jdk.internal.reflect.NativeConstructorAccessorImpl.newInstance0(Native Method)[0m
[0m[[0m[31merror[0m] [0m[0m    at jdk.internal.reflect.NativeConstructorAccessorImpl.newInstance(NativeConstructorAccessorImpl.java:62)[0m
[0m[[0m[31merror[0m] [0m[0m    at jdk.internal.reflect.DelegatingConstructorAccessorImpl.newInstance(DelegatingConstructorAccessorImpl.java:45)[0m
[0m[[0m[31merror[0m] [0m[0m    at java.lang.reflect.Constructor.newInstance(Constructor.java:490)[0m
[0m[[0m[31merror[0m] [0m[0m    ...[0m
[0m[[0m[0minfo[0m] [0m[0mTest amyc.[33mNameAnalyzerTests[0m.[36mtestDuplicatMatchLocals2[0m started[0m
[0m[[0m[31merror[0m] [0m[0mTest amyc.[33mNameAnalyzerTests[0m.[31mtestDuplicatMatchLocals2[0m failed: java.lang.[31mNoClassDefFoundError[0m: Could not initialize class amyc.parsing.Parser$, took 0.0 sec[0m
[0m[[0m[31merror[0m] [0m[0m    at amyc.NameAnalyzerTests.<init>([35mNameAnalyzerTests.scala[0m:[33m34[0m)[0m
[0m[[0m[31merror[0m] [0m[0m    at jdk.internal.reflect.NativeConstructorAccessorImpl.newInstance0(Native Method)[0m
[0m[[0m[31merror[0m] [0m[0m    at jdk.internal.reflect.NativeConstructorAccessorImpl.newInstance(NativeConstructorAccessorImpl.java:62)[0m
[0m[[0m[31merror[0m] [0m[0m    at jdk.internal.reflect.DelegatingConstructorAccessorImpl.newInstance(DelegatingConstructorAccessorImpl.java:45)[0m
[0m[[0m[31merror[0m] [0m[0m    at java.lang.reflect.Constructor.newInstance(Constructor.java:490)[0m
[0m[[0m[31merror[0m] [0m[0m    ...[0m
[0m[[0m[0minfo[0m] [0m[0mTest amyc.[33mNameAnalyzerTests[0m.[36mtestDuplicateModules[0m started[0m
[0m[[0m[31merror[0m] [0m[0mTest amyc.[33mNameAnalyzerTests[0m.[31mtestDuplicateModules[0m failed: java.lang.[31mNoClassDefFoundError[0m: Could not initialize class amyc.parsing.Parser$, took 0.0 sec[0m
[0m[[0m[31merror[0m] [0m[0m    at amyc.NameAnalyzerTests.<init>([35mNameAnalyzerTests.scala[0m:[33m34[0m)[0m
[0m[[0m[31merror[0m] [0m[0m    at jdk.internal.reflect.NativeConstructorAccessorImpl.newInstance0(Native Method)[0m
[0m[[0m[31merror[0m] [0m[0m    at jdk.internal.reflect.NativeConstructorAccessorImpl.newInstance(NativeConstructorAccessorImpl.java:62)[0m
[0m[[0m[31merror[0m] [0m[0m    at jdk.internal.reflect.DelegatingConstructorAccessorImpl.newInstance(DelegatingConstructorAccessorImpl.java:45)[0m
[0m[[0m[31merror[0m] [0m[0m    at java.lang.reflect.Constructor.newInstance(Constructor.java:490)[0m
[0m[[0m[31merror[0m] [0m[0m    ...[0m
[0m[[0m[0minfo[0m] [0m[0mTest amyc.[33mNameAnalyzerTests[0m.[36mtestArgumentNumberConstructor[0m started[0m
[0m[[0m[31merror[0m] [0m[0mTest amyc.[33mNameAnalyzerTests[0m.[31mtestArgumentNumberConstructor[0m failed: java.lang.[31mNoClassDefFoundError[0m: Could not initialize class amyc.parsing.Parser$, took 0.0 sec[0m
[0m[[0m[31merror[0m] [0m[0m    at amyc.NameAnalyzerTests.<init>([35mNameAnalyzerTests.scala[0m:[33m34[0m)[0m
[0m[[0m[31merror[0m] [0m[0m    at jdk.internal.reflect.NativeConstructorAccessorImpl.newInstance0(Native Method)[0m
[0m[[0m[31merror[0m] [0m[0m    at jdk.internal.reflect.NativeConstructorAccessorImpl.newInstance(NativeConstructorAccessorImpl.java:62)[0m
[0m[[0m[31merror[0m] [0m[0m    at jdk.internal.reflect.DelegatingConstructorAccessorImpl.newInstance(DelegatingConstructorAccessorImpl.java:45)[0m
[0m[[0m[31merror[0m] [0m[0m    at java.lang.reflect.Constructor.newInstance(Constructor.java:490)[0m
[0m[[0m[31merror[0m] [0m[0m    ...[0m
[0m[[0m[0minfo[0m] [0m[0mTest amyc.[33mNameAnalyzerTests[0m.[36mtestUndefinedVariable[0m started[0m
[0m[[0m[31merror[0m] [0m[0mTest amyc.[33mNameAnalyzerTests[0m.[31mtestUndefinedVariable[0m failed: java.lang.[31mNoClassDefFoundError[0m: Could not initialize class amyc.parsing.Parser$, took 0.0 sec[0m
[0m[[0m[31merror[0m] [0m[0m    at amyc.NameAnalyzerTests.<init>([35mNameAnalyzerTests.scala[0m:[33m34[0m)[0m
[0m[[0m[31merror[0m] [0m[0m    at jdk.internal.reflect.NativeConstructorAccessorImpl.newInstance0(Native Method)[0m
[0m[[0m[31merror[0m] [0m[0m    at jdk.internal.reflect.NativeConstructorAccessorImpl.newInstance(NativeConstructorAccessorImpl.java:62)[0m
[0m[[0m[31merror[0m] [0m[0m    at jdk.internal.reflect.DelegatingConstructorAccessorImpl.newInstance(DelegatingConstructorAccessorImpl.java:45)[0m
[0m[[0m[31merror[0m] [0m[0m    at java.lang.reflect.Constructor.newInstance(Constructor.java:490)[0m
[0m[[0m[31merror[0m] [0m[0m    ...[0m
[0m[[0m[0minfo[0m] [0m[0mTest amyc.[33mNameAnalyzerTests[0m.[36mtestDuplicateDefs1[0m started[0m
[0m[[0m[31merror[0m] [0m[0mTest amyc.[33mNameAnalyzerTests[0m.[31mtestDuplicateDefs1[0m failed: java.lang.[31mNoClassDefFoundError[0m: Could not initialize class amyc.parsing.Parser$, took 0.001 sec[0m
[0m[[0m[31merror[0m] [0m[0m    at amyc.NameAnalyzerTests.<init>([35mNameAnalyzerTests.scala[0m:[33m34[0m)[0m
[0m[[0m[31merror[0m] [0m[0m    at jdk.internal.reflect.NativeConstructorAccessorImpl.newInstance0(Native Method)[0m
[0m[[0m[31merror[0m] [0m[0m    at jdk.internal.reflect.NativeConstructorAccessorImpl.newInstance(NativeConstructorAccessorImpl.java:62)[0m
[0m[[0m[31merror[0m] [0m[0m    at jdk.internal.reflect.DelegatingConstructorAccessorImpl.newInstance(DelegatingConstructorAccessorImpl.java:45)[0m
[0m[[0m[31merror[0m] [0m[0m    at java.lang.reflect.Constructor.newInstance(Constructor.java:490)[0m
[0m[[0m[31merror[0m] [0m[0m    ...[0m
[0m[[0m[0minfo[0m] [0m[0mTest amyc.[33mNameAnalyzerTests[0m.[36mtestDuplicateDefs2[0m started[0m
[0m[[0m[31merror[0m] [0m[0mTest amyc.[33mNameAnalyzerTests[0m.[31mtestDuplicateDefs2[0m failed: java.lang.[31mNoClassDefFoundError[0m: Could not initialize class amyc.parsing.Parser$, took 0.0 sec[0m
[0m[[0m[31merror[0m] [0m[0m    at amyc.NameAnalyzerTests.<init>([35mNameAnalyzerTests.scala[0m:[33m34[0m)[0m
[0m[[0m[31merror[0m] [0m[0m    at jdk.internal.reflect.NativeConstructorAccessorImpl.newInstance0(Native Method)[0m
[0m[[0m[31merror[0m] [0m[0m    at jdk.internal.reflect.NativeConstructorAccessorImpl.newInstance(NativeConstructorAccessorImpl.java:62)[0m
[0m[[0m[31merror[0m] [0m[0m    at jdk.internal.reflect.DelegatingConstructorAccessorImpl.newInstance(DelegatingConstructorAccessorImpl.java:45)[0m
[0m[[0m[31merror[0m] [0m[0m    at java.lang.reflect.Constructor.newInstance(Constructor.java:490)[0m
[0m[[0m[31merror[0m] [0m[0m    ...[0m
[0m[[0m[0minfo[0m] [0m[0mTest amyc.[33mNameAnalyzerTests[0m.[36mtestUndefinedModule[0m started[0m
[0m[[0m[31merror[0m] [0m[0mTest amyc.[33mNameAnalyzerTests[0m.[31mtestUndefinedModule[0m failed: java.lang.[31mNoClassDefFoundError[0m: Could not initialize class amyc.parsing.Parser$, took 0.0 sec[0m
[0m[[0m[31merror[0m] [0m[0m    at amyc.NameAnalyzerTests.<init>([35mNameAnalyzerTests.scala[0m:[33m34[0m)[0m
[0m[[0m[31merror[0m] [0m[0m    at jdk.internal.reflect.NativeConstructorAccessorImpl.newInstance0(Native Method)[0m
[0m[[0m[31merror[0m] [0m[0m    at jdk.internal.reflect.NativeConstructorAccessorImpl.newInstance(NativeConstructorAccessorImpl.java:62)[0m
[0m[[0m[31merror[0m] [0m[0m    at jdk.internal.reflect.DelegatingConstructorAccessorImpl.newInstance(DelegatingConstructorAccessorImpl.java:45)[0m
[0m[[0m[31merror[0m] [0m[0m    at java.lang.reflect.Constructor.newInstance(Constructor.java:490)[0m
[0m[[0m[31merror[0m] [0m[0m    ...[0m
[0m[[0m[0minfo[0m] [0m[0mTest amyc.[33mNameAnalyzerTests[0m.[36mtestList[0m started[0m
[0m[[0m[31merror[0m] [0m[0mTest amyc.[33mNameAnalyzerTests[0m.[31mtestList[0m failed: java.lang.[31mNoClassDefFoundError[0m: Could not initialize class amyc.parsing.Parser$, took 0.0 sec[0m
[0m[[0m[31merror[0m] [0m[0m    at amyc.NameAnalyzerTests.<init>([35mNameAnalyzerTests.scala[0m:[33m34[0m)[0m
[0m[[0m[31merror[0m] [0m[0m    at jdk.internal.reflect.NativeConstructorAccessorImpl.newInstance0(Native Method)[0m
[0m[[0m[31merror[0m] [0m[0m    at jdk.internal.reflect.NativeConstructorAccessorImpl.newInstance(NativeConstructorAccessorImpl.java:62)[0m
[0m[[0m[31merror[0m] [0m[0m    at jdk.internal.reflect.DelegatingConstructorAccessorImpl.newInstance(DelegatingConstructorAccessorImpl.java:45)[0m
[0m[[0m[31merror[0m] [0m[0m    at java.lang.reflect.Constructor.newInstance(Constructor.java:490)[0m
[0m[[0m[31merror[0m] [0m[0m    ...[0m
[0m[[0m[0minfo[0m] [0m[0mTest amyc.[33mNameAnalyzerTests[0m.[36mmatchShadowParameter[0m started[0m
[0m[[0m[31merror[0m] [0m[0mTest amyc.[33mNameAnalyzerTests[0m.[31mmatchShadowParameter[0m failed: java.lang.[31mNoClassDefFoundError[0m: Could not initialize class amyc.parsing.Parser$, took 0.0 sec[0m
[0m[[0m[31merror[0m] [0m[0m    at amyc.NameAnalyzerTests.<init>([35mNameAnalyzerTests.scala[0m:[33m34[0m)[0m
[0m[[0m[31merror[0m] [0m[0m    at jdk.internal.reflect.NativeConstructorAccessorImpl.newInstance0(Native Method)[0m
[0m[[0m[31merror[0m] [0m[0m    at jdk.internal.reflect.NativeConstructorAccessorImpl.newInstance(NativeConstructorAccessorImpl.java:62)[0m
[0m[[0m[31merror[0m] [0m[0m    at jdk.internal.reflect.DelegatingConstructorAccessorImpl.newInstance(DelegatingConstructorAccessorImpl.java:45)[0m
[0m[[0m[31merror[0m] [0m[0m    at java.lang.reflect.Constructor.newInstance(Constructor.java:490)[0m
[0m[[0m[31merror[0m] [0m[0m    ...[0m
[0m[[0m[0minfo[0m] [0m[0mTest amyc.[33mNameAnalyzerTests[0m.[36mtestArgumentNumberFunction[0m started[0m
[0m[[0m[31merror[0m] [0m[0mTest amyc.[33mNameAnalyzerTests[0m.[31mtestArgumentNumberFunction[0m failed: java.lang.[31mNoClassDefFoundError[0m: Could not initialize class amyc.parsing.Parser$, took 0.0 sec[0m
[0m[[0m[31merror[0m] [0m[0m    at amyc.NameAnalyzerTests.<init>([35mNameAnalyzerTests.scala[0m:[33m34[0m)[0m
[0m[[0m[31merror[0m] [0m[0m    at jdk.internal.reflect.NativeConstructorAccessorImpl.newInstance0(Native Method)[0m
[0m[[0m[31merror[0m] [0m[0m    at jdk.internal.reflect.NativeConstructorAccessorImpl.newInstance(NativeConstructorAccessorImpl.java:62)[0m
[0m[[0m[31merror[0m] [0m[0m    at jdk.internal.reflect.DelegatingConstructorAccessorImpl.newInstance(DelegatingConstructorAccessorImpl.java:45)[0m
[0m[[0m[31merror[0m] [0m[0m    at java.lang.reflect.Constructor.newInstance(Constructor.java:490)[0m
[0m[[0m[31merror[0m] [0m[0m    ...[0m
[0m[[0m[0minfo[0m] [0m[0mTest amyc.[33mNameAnalyzerTests[0m.[36mtestUnknownParent[0m started[0m
[0m[[0m[31merror[0m] [0m[0mTest amyc.[33mNameAnalyzerTests[0m.[31mtestUnknownParent[0m failed: java.lang.[31mNoClassDefFoundError[0m: Could not initialize class amyc.parsing.Parser$, took 0.0 sec[0m
[0m[[0m[31merror[0m] [0m[0m    at amyc.NameAnalyzerTests.<init>([35mNameAnalyzerTests.scala[0m:[33m34[0m)[0m
[0m[[0m[31merror[0m] [0m[0m    at jdk.internal.reflect.NativeConstructorAccessorImpl.newInstance0(Native Method)[0m
[0m[[0m[31merror[0m] [0m[0m    at jdk.internal.reflect.NativeConstructorAccessorImpl.newInstance(NativeConstructorAccessorImpl.java:62)[0m
[0m[[0m[31merror[0m] [0m[0m    at jdk.internal.reflect.DelegatingConstructorAccessorImpl.newInstance(DelegatingConstructorAccessorImpl.java:45)[0m
[0m[[0m[31merror[0m] [0m[0m    at java.lang.reflect.Constructor.newInstance(Constructor.java:490)[0m
[0m[[0m[31merror[0m] [0m[0m    ...[0m
[0m[[0m[0minfo[0m] [0m[0mTest amyc.[33mNameAnalyzerTests[0m.[36mtestArgumentNumberPattern[0m started[0m
[0m[[0m[31merror[0m] [0m[0mTest amyc.[33mNameAnalyzerTests[0m.[31mtestArgumentNumberPattern[0m failed: java.lang.[31mNoClassDefFoundError[0m: Could not initialize class amyc.parsing.Parser$, took 0.0 sec[0m
[0m[[0m[31merror[0m] [0m[0m    at amyc.NameAnalyzerTests.<init>([35mNameAnalyzerTests.scala[0m:[33m34[0m)[0m
[0m[[0m[31merror[0m] [0m[0m    at jdk.internal.reflect.NativeConstructorAccessorImpl.newInstance0(Native Method)[0m
[0m[[0m[31merror[0m] [0m[0m    at jdk.internal.reflect.NativeConstructorAccessorImpl.newInstance(NativeConstructorAccessorImpl.java:62)[0m
[0m[[0m[31merror[0m] [0m[0m    at jdk.internal.reflect.DelegatingConstructorAccessorImpl.newInstance(DelegatingConstructorAccessorImpl.java:45)[0m
[0m[[0m[31merror[0m] [0m[0m    at java.lang.reflect.Constructor.newInstance(Constructor.java:490)[0m
[0m[[0m[31merror[0m] [0m[0m    ...[0m
[0m[[0m[0minfo[0m] [0m[0mTest amyc.[33mNameAnalyzerTests[0m.[36mtestUndefinedTypeInModule[0m started[0m
[0m[[0m[31merror[0m] [0m[0mTest amyc.[33mNameAnalyzerTests[0m.[31mtestUndefinedTypeInModule[0m failed: java.lang.[31mNoClassDefFoundError[0m: Could not initialize class amyc.parsing.Parser$, took 0.0 sec[0m
[0m[[0m[31merror[0m] [0m[0m    at amyc.NameAnalyzerTests.<init>([35mNameAnalyzerTests.scala[0m:[33m34[0m)[0m
[0m[[0m[31merror[0m] [0m[0m    at jdk.internal.reflect.NativeConstructorAccessorImpl.newInstance0(Native Method)[0m
[0m[[0m[31merror[0m] [0m[0m    at jdk.internal.reflect.NativeConstructorAccessorImpl.newInstance(NativeConstructorAccessorImpl.java:62)[0m
[0m[[0m[31merror[0m] [0m[0m    at jdk.internal.reflect.DelegatingConstructorAccessorImpl.newInstance(DelegatingConstructorAccessorImpl.java:45)[0m
[0m[[0m[31merror[0m] [0m[0m    at java.lang.reflect.Constructor.newInstance(Constructor.java:490)[0m
[0m[[0m[31merror[0m] [0m[0m    ...[0m
[0m[[0m[0minfo[0m] [0m[0mTest amyc.[33mNameAnalyzerTests[0m.[36mtestDuplicateLocals[0m started[0m
[0m[[0m[31merror[0m] [0m[0mTest amyc.[33mNameAnalyzerTests[0m.[31mtestDuplicateLocals[0m failed: java.lang.[31mNoClassDefFoundError[0m: Could not initialize class amyc.parsing.Parser$, took 0.0 sec[0m
[0m[[0m[31merror[0m] [0m[0m    at amyc.NameAnalyzerTests.<init>([35mNameAnalyzerTests.scala[0m:[33m34[0m)[0m
[0m[[0m[31merror[0m] [0m[0m    at jdk.internal.reflect.NativeConstructorAccessorImpl.newInstance0(Native Method)[0m
[0m[[0m[31merror[0m] [0m[0m    at jdk.internal.reflect.NativeConstructorAccessorImpl.newInstance(NativeConstructorAccessorImpl.java:62)[0m
[0m[[0m[31merror[0m] [0m[0m    at jdk.internal.reflect.DelegatingConstructorAccessorImpl.newInstance(DelegatingConstructorAccessorImpl.java:45)[0m
[0m[[0m[31merror[0m] [0m[0m    at java.lang.reflect.Constructor.newInstance(Constructor.java:490)[0m
[0m[[0m[31merror[0m] [0m[0m    ...[0m
[0m[[0m[0minfo[0m] [0m[0mTest amyc.[33mNameAnalyzerTests[0m.[36mtestDuplicateParams[0m started[0m
[0m[[0m[31merror[0m] [0m[0mTest amyc.[33mNameAnalyzerTests[0m.[31mtestDuplicateParams[0m failed: java.lang.[31mNoClassDefFoundError[0m: Could not initialize class amyc.parsing.Parser$, took 0.0 sec[0m
[0m[[0m[31merror[0m] [0m[0m    at amyc.NameAnalyzerTests.<init>([35mNameAnalyzerTests.scala[0m:[33m34[0m)[0m
[0m[[0m[31merror[0m] [0m[0m    at jdk.internal.reflect.NativeConstructorAccessorImpl.newInstance0(Native Method)[0m
[0m[[0m[31merror[0m] [0m[0m    at jdk.internal.reflect.NativeConstructorAccessorImpl.newInstance(NativeConstructorAccessorImpl.java:62)[0m
[0m[[0m[31merror[0m] [0m[0m    at jdk.internal.reflect.DelegatingConstructorAccessorImpl.newInstance(DelegatingConstructorAccessorImpl.java:45)[0m
[0m[[0m[31merror[0m] [0m[0m    at java.lang.reflect.Constructor.newInstance(Constructor.java:490)[0m
[0m[[0m[31merror[0m] [0m[0m    ...[0m
[0m[[0m[0minfo[0m] [0m[0mTest amyc.[33mNameAnalyzerTests[0m.[36mtestClasses[0m started[0m
[0m[[0m[31merror[0m] [0m[0mTest amyc.[33mNameAnalyzerTests[0m.[31mtestClasses[0m failed: java.lang.[31mNoClassDefFoundError[0m: Could not initialize class amyc.parsing.Parser$, took 0.001 sec[0m
[0m[[0m[31merror[0m] [0m[0m    at amyc.NameAnalyzerTests.<init>([35mNameAnalyzerTests.scala[0m:[33m34[0m)[0m
[0m[[0m[31merror[0m] [0m[0m    at jdk.internal.reflect.GeneratedConstructorAccessor3.newInstance(Unknown Source)[0m
[0m[[0m[31merror[0m] [0m[0m    at jdk.internal.reflect.DelegatingConstructorAccessorImpl.newInstance(DelegatingConstructorAccessorImpl.java:45)[0m
[0m[[0m[31merror[0m] [0m[0m    at java.lang.reflect.Constructor.newInstance(Constructor.java:490)[0m
[0m[[0m[31merror[0m] [0m[0m    ...[0m
[0m[[0m[0minfo[0m] [0m[0mTest amyc.[33mNameAnalyzerTests[0m.[36mtestNotDuplicateLocals1[0m started[0m
[0m[[0m[31merror[0m] [0m[0mTest amyc.[33mNameAnalyzerTests[0m.[31mtestNotDuplicateLocals1[0m failed: java.lang.[31mNoClassDefFoundError[0m: Could not initialize class amyc.parsing.Parser$, took 0.001 sec[0m
[0m[[0m[31merror[0m] [0m[0m    at amyc.NameAnalyzerTests.<init>([35mNameAnalyzerTests.scala[0m:[33m34[0m)[0m
[0m[[0m[31merror[0m] [0m[0m    at jdk.internal.reflect.GeneratedConstructorAccessor3.newInstance(Unknown Source)[0m
[0m[[0m[31merror[0m] [0m[0m    at jdk.internal.reflect.DelegatingConstructorAccessorImpl.newInstance(DelegatingConstructorAccessorImpl.java:45)[0m
[0m[[0m[31merror[0m] [0m[0m    at java.lang.reflect.Constructor.newInstance(Constructor.java:490)[0m
[0m[[0m[31merror[0m] [0m[0m    ...[0m
[0m[[0m[0minfo[0m] [0m[0mTest amyc.[33mNameAnalyzerTests[0m.[36mtestNotDuplicateLocals2[0m started[0m
[0m[[0m[31merror[0m] [0m[0mTest amyc.[33mNameAnalyzerTests[0m.[31mtestNotDuplicateLocals2[0m failed: java.lang.[31mNoClassDefFoundError[0m: Could not initialize class amyc.parsing.Parser$, took 0.0 sec[0m
[0m[[0m[31merror[0m] [0m[0m    at amyc.NameAnalyzerTests.<init>([35mNameAnalyzerTests.scala[0m:[33m34[0m)[0m
[0m[[0m[31merror[0m] [0m[0m    at jdk.internal.reflect.GeneratedConstructorAccessor3.newInstance(Unknown Source)[0m
[0m[[0m[31merror[0m] [0m[0m    at jdk.internal.reflect.DelegatingConstructorAccessorImpl.newInstance(DelegatingConstructorAccessorImpl.java:45)[0m
[0m[[0m[31merror[0m] [0m[0m    at java.lang.reflect.Constructor.newInstance(Constructor.java:490)[0m
[0m[[0m[31merror[0m] [0m[0m    ...[0m
[0m[[0m[0minfo[0m] [0m[0mTest amyc.[33mNameAnalyzerTests[0m.[36mtestLocalScope[0m started[0m
[0m[[0m[31merror[0m] [0m[0mTest amyc.[33mNameAnalyzerTests[0m.[31mtestLocalScope[0m failed: java.lang.[31mNoClassDefFoundError[0m: Could not initialize class amyc.parsing.Parser$, took 0.0 sec[0m
[0m[[0m[31merror[0m] [0m[0m    at amyc.NameAnalyzerTests.<init>([35mNameAnalyzerTests.scala[0m:[33m34[0m)[0m
[0m[[0m[31merror[0m] [0m[0m    at jdk.internal.reflect.GeneratedConstructorAccessor3.newInstance(Unknown Source)[0m
[0m[[0m[31merror[0m] [0m[0m    at jdk.internal.reflect.DelegatingConstructorAccessorImpl.newInstance(DelegatingConstructorAccessorImpl.java:45)[0m
[0m[[0m[31merror[0m] [0m[0m    at java.lang.reflect.Constructor.newInstance(Constructor.java:490)[0m
[0m[[0m[31merror[0m] [0m[0m    ...[0m
[0m[[0m[0minfo[0m] [0m[0mTest amyc.[33mNameAnalyzerTests[0m.[36mtestConstructorVsIdPattern[0m started[0m
[0m[[0m[31merror[0m] [0m[0mTest amyc.[33mNameAnalyzerTests[0m.[31mtestConstructorVsIdPattern[0m failed: java.lang.[31mNoClassDefFoundError[0m: Could not initialize class amyc.parsing.Parser$, took 0.0 sec[0m
[0m[[0m[31merror[0m] [0m[0m    at amyc.NameAnalyzerTests.<init>([35mNameAnalyzerTests.scala[0m:[33m34[0m)[0m
[0m[[0m[31merror[0m] [0m[0m    at jdk.internal.reflect.GeneratedConstructorAccessor3.newInstance(Unknown Source)[0m
[0m[[0m[31merror[0m] [0m[0m    at jdk.internal.reflect.DelegatingConstructorAccessorImpl.newInstance(DelegatingConstructorAccessorImpl.java:45)[0m
[0m[[0m[31merror[0m] [0m[0m    at java.lang.reflect.Constructor.newInstance(Constructor.java:490)[0m
[0m[[0m[31merror[0m] [0m[0m    ...[0m
[0m[[0m[0minfo[0m] [0m[0mTest amyc.[33mNameAnalyzerTests[0m.[36mtestUndefinedFunction[0m started[0m
[0m[[0m[31merror[0m] [0m[0mTest amyc.[33mNameAnalyzerTests[0m.[31mtestUndefinedFunction[0m failed: java.lang.[31mNoClassDefFoundError[0m: Could not initialize class amyc.parsing.Parser$, took 0.0 sec[0m
[0m[[0m[31merror[0m] [0m[0m    at amyc.NameAnalyzerTests.<init>([35mNameAnalyzerTests.scala[0m:[33m34[0m)[0m
[0m[[0m[31merror[0m] [0m[0m    at jdk.internal.reflect.GeneratedConstructorAccessor3.newInstance(Unknown Source)[0m
[0m[[0m[31merror[0m] [0m[0m    at jdk.internal.reflect.DelegatingConstructorAccessorImpl.newInstance(DelegatingConstructorAccessorImpl.java:45)[0m
[0m[[0m[31merror[0m] [0m[0m    at java.lang.reflect.Constructor.newInstance(Constructor.java:490)[0m
[0m[[0m[31merror[0m] [0m[0m    ...[0m
[0m[[0m[0minfo[0m] [0m[0mTest amyc.[33mNameAnalyzerTests[0m.[36mtestDuplicateClassParams[0m started[0m
[0m[[0m[31merror[0m] [0m[0mTest amyc.[33mNameAnalyzerTests[0m.[31mtestDuplicateClassParams[0m failed: java.lang.[31mNoClassDefFoundError[0m: Could not initialize class amyc.parsing.Parser$, took 0.0 sec[0m
[0m[[0m[31merror[0m] [0m[0m    at amyc.NameAnalyzerTests.<init>([35mNameAnalyzerTests.scala[0m:[33m34[0m)[0m
[0m[[0m[31merror[0m] [0m[0m    at jdk.internal.reflect.GeneratedConstructorAccessor3.newInstance(Unknown Source)[0m
[0m[[0m[31merror[0m] [0m[0m    at jdk.internal.reflect.DelegatingConstructorAccessorImpl.newInstance(DelegatingConstructorAccessorImpl.java:45)[0m
[0m[[0m[31merror[0m] [0m[0m    at java.lang.reflect.Constructor.newInstance(Constructor.java:490)[0m
[0m[[0m[31merror[0m] [0m[0m    ...[0m
[0m[[0m[0minfo[0m] [0m[0mTest amyc.[33mNameAnalyzerTests[0m.[36mtestDefOrder[0m started[0m
[0m[[0m[31merror[0m] [0m[0mTest amyc.[33mNameAnalyzerTests[0m.[31mtestDefOrder[0m failed: java.lang.[31mNoClassDefFoundError[0m: Could not initialize class amyc.parsing.Parser$, took 0.001 sec[0m
[0m[[0m[31merror[0m] [0m[0m    at amyc.NameAnalyzerTests.<init>([35mNameAnalyzerTests.scala[0m:[33m34[0m)[0m
[0m[[0m[31merror[0m] [0m[0m    at jdk.internal.reflect.GeneratedConstructorAccessor3.newInstance(Unknown Source)[0m
[0m[[0m[31merror[0m] [0m[0m    at jdk.internal.reflect.DelegatingConstructorAccessorImpl.newInstance(DelegatingConstructorAccessorImpl.java:45)[0m
[0m[[0m[31merror[0m] [0m[0m    at java.lang.reflect.Constructor.newInstance(Constructor.java:490)[0m
[0m[[0m[31merror[0m] [0m[0m    ...[0m
[0m[[0m[0minfo[0m] [0m[0mTest amyc.[33mNameAnalyzerTests[0m.[36mtestUndefinedConstructor1[0m started[0m
[0m[[0m[31merror[0m] [0m[0mTest amyc.[33mNameAnalyzerTests[0m.[31mtestUndefinedConstructor1[0m failed: java.lang.[31mNoClassDefFoundError[0m: Could not initialize class amyc.parsing.Parser$, took 0.0 sec[0m
[0m[[0m[31merror[0m] [0m[0m    at amyc.NameAnalyzerTests.<init>([35mNameAnalyzerTests.scala[0m:[33m34[0m)[0m
[0m[[0m[31merror[0m] [0m[0m    at jdk.internal.reflect.GeneratedConstructorAccessor3.newInstance(Unknown Source)[0m
[0m[[0m[31merror[0m] [0m[0m    at jdk.internal.reflect.DelegatingConstructorAccessorImpl.newInstance(DelegatingConstructorAccessorImpl.java:45)[0m
[0m[[0m[31merror[0m] [0m[0m    at java.lang.reflect.Constructor.newInstance(Constructor.java:490)[0m
[0m[[0m[31merror[0m] [0m[0m    ...[0m
[0m[[0m[0minfo[0m] [0m[0mTest amyc.[33mNameAnalyzerTests[0m.[36mtestUndefinedConstructor2[0m started[0m
[0m[[0m[31merror[0m] [0m[0mTest amyc.[33mNameAnalyzerTests[0m.[31mtestUndefinedConstructor2[0m failed: java.lang.[31mNoClassDefFoundError[0m: Could not initialize class amyc.parsing.Parser$, took 0.0 sec[0m
[0m[[0m[31merror[0m] [0m[0m    at amyc.NameAnalyzerTests.<init>([35mNameAnalyzerTests.scala[0m:[33m34[0m)[0m
[0m[[0m[31merror[0m] [0m[0m    at jdk.internal.reflect.GeneratedConstructorAccessor3.newInstance(Unknown Source)[0m
[0m[[0m[31merror[0m] [0m[0m    at jdk.internal.reflect.DelegatingConstructorAccessorImpl.newInstance(DelegatingConstructorAccessorImpl.java:45)[0m
[0m[[0m[31merror[0m] [0m[0m    at java.lang.reflect.Constructor.newInstance(Constructor.java:490)[0m
[0m[[0m[31merror[0m] [0m[0m    ...[0m
[0m[[0m[0minfo[0m] [0m[0mTest amyc.[33mNameAnalyzerTests[0m.[36mtestUndefinedType[0m started[0m
[0m[[0m[31merror[0m] [0m[0mTest amyc.[33mNameAnalyzerTests[0m.[31mtestUndefinedType[0m failed: java.lang.[31mNoClassDefFoundError[0m: Could not initialize class amyc.parsing.Parser$, took 0.0 sec[0m
[0m[[0m[31merror[0m] [0m[0m    at amyc.NameAnalyzerTests.<init>([35mNameAnalyzerTests.scala[0m:[33m34[0m)[0m
[0m[[0m[31merror[0m] [0m[0m    at jdk.internal.reflect.GeneratedConstructorAccessor3.newInstance(Unknown Source)[0m
[0m[[0m[31merror[0m] [0m[0m    at jdk.internal.reflect.DelegatingConstructorAccessorImpl.newInstance(DelegatingConstructorAccessorImpl.java:45)[0m
[0m[[0m[31merror[0m] [0m[0m    at java.lang.reflect.Constructor.newInstance(Constructor.java:490)[0m
[0m[[0m[31merror[0m] [0m[0m    ...[0m
[0m[[0m[0minfo[0m] [0m[0mTest amyc.[33mNameAnalyzerTests[0m.[36mtestRecursive[0m started[0m
[0m[[0m[31merror[0m] [0m[0mTest amyc.[33mNameAnalyzerTests[0m.[31mtestRecursive[0m failed: java.lang.[31mNoClassDefFoundError[0m: Could not initialize class amyc.parsing.Parser$, took 0.001 sec[0m
[0m[[0m[31merror[0m] [0m[0m    at amyc.NameAnalyzerTests.<init>([35mNameAnalyzerTests.scala[0m:[33m34[0m)[0m
[0m[[0m[31merror[0m] [0m[0m    at jdk.internal.reflect.GeneratedConstructorAccessor3.newInstance(Unknown Source)[0m
[0m[[0m[31merror[0m] [0m[0m    at jdk.internal.reflect.DelegatingConstructorAccessorImpl.newInstance(DelegatingConstructorAccessorImpl.java:45)[0m
[0m[[0m[31merror[0m] [0m[0m    at java.lang.reflect.Constructor.newInstance(Constructor.java:490)[0m
[0m[[0m[31merror[0m] [0m[0m    ...[0m
[0m[[0m[0minfo[0m] [0m[0mTest amyc.[33mNameAnalyzerTests[0m.[36mtestParamAndLocal[0m started[0m
[0m[[0m[31merror[0m] [0m[0mTest amyc.[33mNameAnalyzerTests[0m.[31mtestParamAndLocal[0m failed: java.lang.[31mNoClassDefFoundError[0m: Could not initialize class amyc.parsing.Parser$, took 0.0 sec[0m
[0m[[0m[31merror[0m] [0m[0m    at amyc.NameAnalyzerTests.<init>([35mNameAnalyzerTests.scala[0m:[33m34[0m)[0m
[0m[[0m[31merror[0m] [0m[0m    at jdk.internal.reflect.GeneratedConstructorAccessor3.newInstance(Unknown Source)[0m
[0m[[0m[31merror[0m] [0m[0m    at jdk.internal.reflect.DelegatingConstructorAccessorImpl.newInstance(DelegatingConstructorAccessorImpl.java:45)[0m
[0m[[0m[31merror[0m] [0m[0m    at java.lang.reflect.Constructor.newInstance(Constructor.java:490)[0m
[0m[[0m[31merror[0m] [0m[0m    ...[0m
[0m[[0m[0minfo[0m] [0m[0m[34mTest run finished: [0m[31m29 failed[0m[34m, [0m[34m0 ignored[0m[34m, 29 total, 0.029s[0m[0m
[0m[[0m[0minfo[0m] [0m[0m[34mTest run started[0m[0m
[0m[[0m[0minfo[0m] [0m[0mTest amyc.[33mLexerTests[0m.[36mtestKeywords[0m started[0m
[0m[[0m[31merror[0m] [0m[0mTest amyc.[33mLexerTests[0m.[31mtestKeywords[0m failed: scala.[31mNotImplementedError[0m: an implementation is missing, took 0.16 sec[0m
[0m[[0m[31merror[0m] [0m[0m    at scala.Predef$.$qmark$qmark$qmark(Predef.scala:344)[0m
[0m[[0m[31merror[0m] [0m[0m    at amyc.parsing.Lexer$.run$$anonfun$1$$anonfun$1$$anonfun$1(Lexer.scala:124)[0m
[0m[[0m[31merror[0m] [0m[0m    at scala.collection.Iterator$$anon$6.hasNext(Iterator.scala:472)[0m
[0m[[0m[31merror[0m] [0m[0m    at scala.collection.Iterator$$anon$9.hasNext(Iterator.scala:576)[0m
[0m[[0m[31merror[0m] [0m[0m    at scala.collection.Iterator$ConcatIterator.advance$1(Iterator.scala:1175)[0m
[0m[[0m[31merror[0m] [0m[0m    at scala.collection.Iterator$ConcatIterator.hasNext(Iterator.scala:1181)[0m
[0m[[0m[31merror[0m] [0m[0m    at scala.collection.IterableOnceOps.foreach(IterableOnce.scala:563)[0m
[0m[[0m[31merror[0m] [0m[0m    at scala.collection.IterableOnceOps.foreach$(IterableOnce.scala:561)[0m
[0m[[0m[31merror[0m] [0m[0m    at scala.collection.AbstractIterator.foreach(Iterator.scala:1293)[0m
[0m[[0m[31merror[0m] [0m[0m    at amyc.parsing.DisplayTokens$.run(Lexer.scala:137)[0m
[0m[[0m[31merror[0m] [0m[0m    at amyc.parsing.DisplayTokens$.run(Lexer.scala:136)[0m
[0m[[0m[31merror[0m] [0m[0m    at amyc.utils.Pipeline$$anon$1.run(Pipeline.scala:12)[0m
[0m[[0m[31merror[0m] [0m[0m    at amyc.CompilerTest.runPipeline(CompilerTest.scala:14)[0m
[0m[[0m[31merror[0m] [0m[0m    at amyc.CompilerTest.runPipelineRedirected$$anonfun$1(CompilerTest.scala:23)[0m
[0m[[0m[31merror[0m] [0m[0m    at amyc.CompilerTest.runPipelineRedirected$$anonfun$adapted$1(CompilerTest.scala:23)[0m
[0m[[0m[31merror[0m] [0m[0m    at amyc.TestUtils.testWithRedirectedIO$$anonfun$1$$anonfun$1$$anonfun$1(TestUtils.scala:18)[0m
[0m[[0m[31merror[0m] [0m[0m    at scala.util.DynamicVariable.withValue(DynamicVariable.scala:59)[0m
[0m[[0m[31merror[0m] [0m[0m    at scala.Console$.withIn(Console.scala:227)[0m
[0m[[0m[31merror[0m] [0m[0m    at amyc.TestUtils.testWithRedirectedIO$$anonfun$1$$anonfun$1(TestUtils.scala:19)[0m
[0m[[0m[31merror[0m] [0m[0m    at scala.util.DynamicVariable.withValue(DynamicVariable.scala:59)[0m
[0m[[0m[31merror[0m] [0m[0m    at scala.Console$.withErr(Console.scala:193)[0m
[0m[[0m[31merror[0m] [0m[0m    at amyc.TestUtils.testWithRedirectedIO$$anonfun$1(TestUtils.scala:20)[0m
[0m[[0m[31merror[0m] [0m[0m    at scala.util.DynamicVariable.withValue(DynamicVariable.scala:59)[0m
[0m[[0m[31merror[0m] [0m[0m    at scala.Console$.withOut(Console.scala:164)[0m
[0m[[0m[31merror[0m] [0m[0m    at amyc.TestUtils.testWithRedirectedIO(TestUtils.scala:21)[0m
[0m[[0m[31merror[0m] [0m[0m    at amyc.TestUtils.testWithRedirectedIO$(TestUtils.scala:6)[0m
[0m[[0m[31merror[0m] [0m[0m    at amyc.CompilerTest.testWithRedirectedIO(CompilerTest.scala:8)[0m
[0m[[0m[31merror[0m] [0m[0m    at amyc.CompilerTest.runPipelineRedirected(CompilerTest.scala:23)[0m
[0m[[0m[31merror[0m] [0m[0m    at amyc.CompilerTest.compareOutputs(CompilerTest.scala:55)[0m
[0m[[0m[31merror[0m] [0m[0m    at amyc.TestSuite.shouldOutput(TestSuite.scala:42)[0m
[0m[[0m[31merror[0m] [0m[0m    at amyc.TestSuite.shouldOutput(TestSuite.scala:47)[0m
[0m[[0m[31merror[0m] [0m[0m    at amyc.LexerTests.testKeywords([35mLexerTests.scala[0m:[33m13[0m)[0m
[0m[[0m[31merror[0m] [0m[0m    at jdk.internal.reflect.NativeMethodAccessorImpl.invoke0(Native Method)[0m
[0m[[0m[31merror[0m] [0m[0m    at jdk.internal.reflect.NativeMethodAccessorImpl.invoke(NativeMethodAccessorImpl.java:62)[0m
[0m[[0m[31merror[0m] [0m[0m    at jdk.internal.reflect.DelegatingMethodAccessorImpl.invoke(DelegatingMethodAccessorImpl.java:43)[0m
[0m[[0m[31merror[0m] [0m[0m    at java.lang.reflect.Method.invoke(Method.java:566)[0m
[0m[[0m[31merror[0m] [0m[0m    ...[0m
[0m[[0m[0minfo[0m] [0m[0m[34mTest run finished: [0m[31m1 failed[0m[34m, [0m[34m0 ignored[0m[34m, 1 total, 0.162s[0m[0m
[0m[[0m[0minfo[0m] [0m[0m[34mTest run started[0m[0m
[0m[[0m[0minfo[0m] [0m[0mTest amyc.[33mParserTests[0m.[36mtestErrorToken1[0m started[0m
[0m[[0m[31merror[0m] [0m[0mTest amyc.[33mParserTests[0m.[31mtestErrorToken1[0m failed: java.lang.[31mNoClassDefFoundError[0m: Could not initialize class amyc.parsing.Parser$, took 0.001 sec[0m
[0m[[0m[31merror[0m] [0m[0m    at amyc.ParserTests.<init>([35mParserTests.scala[0m:[33m21[0m)[0m
[0m[[0m[31merror[0m] [0m[0m    at jdk.internal.reflect.NativeConstructorAccessorImpl.newInstance0(Native Method)[0m
[0m[[0m[31merror[0m] [0m[0m    at jdk.internal.reflect.NativeConstructorAccessorImpl.newInstance(NativeConstructorAccessorImpl.java:62)[0m
[0m[[0m[31merror[0m] [0m[0m    at jdk.internal.reflect.DelegatingConstructorAccessorImpl.newInstance(DelegatingConstructorAccessorImpl.java:45)[0m
[0m[[0m[31merror[0m] [0m[0m    at java.lang.reflect.Constructor.newInstance(Constructor.java:490)[0m
[0m[[0m[31merror[0m] [0m[0m    ...[0m
[0m[[0m[0minfo[0m] [0m[0mTest amyc.[33mParserTests[0m.[36mtestErrorToken2[0m started[0m
[0m[[0m[31merror[0m] [0m[0mTest amyc.[33mParserTests[0m.[31mtestErrorToken2[0m failed: java.lang.[31mNoClassDefFoundError[0m: Could not initialize class amyc.parsing.Parser$, took 0.0 sec[0m
[0m[[0m[31merror[0m] [0m[0m    at amyc.ParserTests.<init>([35mParserTests.scala[0m:[33m21[0m)[0m
[0m[[0m[31merror[0m] [0m[0m    at jdk.internal.reflect.NativeConstructorAccessorImpl.newInstance0(Native Method)[0m
[0m[[0m[31merror[0m] [0m[0m    at jdk.internal.reflect.NativeConstructorAccessorImpl.newInstance(NativeConstructorAccessorImpl.java:62)[0m
[0m[[0m[31merror[0m] [0m[0m    at jdk.internal.reflect.DelegatingConstructorAccessorImpl.newInstance(DelegatingConstructorAccessorImpl.java:45)[0m
[0m[[0m[31merror[0m] [0m[0m    at java.lang.reflect.Constructor.newInstance(Constructor.java:490)[0m
[0m[[0m[31merror[0m] [0m[0m    ...[0m
[0m[[0m[0minfo[0m] [0m[0mTest amyc.[33mParserTests[0m.[36mtestLL1[0m started[0m
[0m[[0m[31merror[0m] [0m[0mTest amyc.[33mParserTests[0m.[31mtestLL1[0m failed: java.lang.[31mNoClassDefFoundError[0m: Could not initialize class amyc.parsing.Parser$, took 0.0 sec[0m
[0m[[0m[31merror[0m] [0m[0m    at amyc.ParserTests.<init>([35mParserTests.scala[0m:[33m21[0m)[0m
[0m[[0m[31merror[0m] [0m[0m    at jdk.internal.reflect.NativeConstructorAccessorImpl.newInstance0(Native Method)[0m
[0m[[0m[31merror[0m] [0m[0m    at jdk.internal.reflect.NativeConstructorAccessorImpl.newInstance(NativeConstructorAccessorImpl.java:62)[0m
[0m[[0m[31merror[0m] [0m[0m    at jdk.internal.reflect.DelegatingConstructorAccessorImpl.newInstance(DelegatingConstructorAccessorImpl.java:45)[0m
[0m[[0m[31merror[0m] [0m[0m    at java.lang.reflect.Constructor.newInstance(Constructor.java:490)[0m
[0m[[0m[31merror[0m] [0m[0m    ...[0m
[0m[[0m[0minfo[0m] [0m[0mTest amyc.[33mParserTests[0m.[36mtestEmpty[0m started[0m
[0m[[0m[31merror[0m] [0m[0mTest amyc.[33mParserTests[0m.[31mtestEmpty[0m failed: java.lang.[31mNoClassDefFoundError[0m: Could not initialize class amyc.parsing.Parser$, took 0.0 sec[0m
[0m[[0m[31merror[0m] [0m[0m    at amyc.ParserTests.<init>([35mParserTests.scala[0m:[33m21[0m)[0m
[0m[[0m[31merror[0m] [0m[0m    at jdk.internal.reflect.NativeConstructorAccessorImpl.newInstance0(Native Method)[0m
[0m[[0m[31merror[0m] [0m[0m    at jdk.internal.reflect.NativeConstructorAccessorImpl.newInstance(NativeConstructorAccessorImpl.java:62)[0m
[0m[[0m[31merror[0m] [0m[0m    at jdk.internal.reflect.DelegatingConstructorAccessorImpl.newInstance(DelegatingConstructorAccessorImpl.java:45)[0m
[0m[[0m[31merror[0m] [0m[0m    at java.lang.reflect.Constructor.newInstance(Constructor.java:490)[0m
[0m[[0m[31merror[0m] [0m[0m    ...[0m
[0m[[0m[0minfo[0m] [0m[0mTest amyc.[33mParserTests[0m.[36mtestLiterals[0m started[0m
[0m[[0m[31merror[0m] [0m[0mTest amyc.[33mParserTests[0m.[31mtestLiterals[0m failed: java.lang.[31mNoClassDefFoundError[0m: Could not initialize class amyc.parsing.Parser$, took 0.0 sec[0m
[0m[[0m[31merror[0m] [0m[0m    at amyc.ParserTests.<init>([35mParserTests.scala[0m:[33m21[0m)[0m
[0m[[0m[31merror[0m] [0m[0m    at jdk.internal.reflect.NativeConstructorAccessorImpl.newInstance0(Native Method)[0m
[0m[[0m[31merror[0m] [0m[0m    at jdk.internal.reflect.NativeConstructorAccessorImpl.newInstance(NativeConstructorAccessorImpl.java:62)[0m
[0m[[0m[31merror[0m] [0m[0m    at jdk.internal.reflect.DelegatingConstructorAccessorImpl.newInstance(DelegatingConstructorAccessorImpl.java:45)[0m
[0m[[0m[31merror[0m] [0m[0m    at java.lang.reflect.Constructor.newInstance(Constructor.java:490)[0m
[0m[[0m[31merror[0m] [0m[0m    ...[0m
[0m[[0m[0minfo[0m] [0m[0m[34mTest run finished: [0m[31m5 failed[0m[34m, [0m[34m0 ignored[0m[34m, 5 total, 0.004s[0m[0m
[0m[[0m[31merror[0m] [0m[0mFailed: Total 88, Failed 88, Errors 0, Passed 0[0m
[0m[[0m[31merror[0m] [0m[0mFailed tests:[0m
[0m[[0m[31merror[0m] [0m[0m	amyc.TyperTests[0m
[0m[[0m[31merror[0m] [0m[0m	amyc.ParserTests[0m
[0m[[0m[31merror[0m] [0m[0m	amyc.NameAnalyzerTests[0m
[0m[[0m[31merror[0m] [0m[0m	amyc.LexerTests[0m
[0m[[0m[31merror[0m] [0m[0m(Test / [31mtest[0m) sbt.TestsFailedException: Tests unsuccessful[0m
[0m[[0m[31merror[0m] [0m[0mTotal time: 16 s, completed Nov 3, 2022, 12:09:10 PM[0m
[0m[[0m[0mdebug[0m] [0m[0m> Exec(shell, None, None)[0m
